#
# There is insufficient memory for the Java Runtime Environment to continue.
# Native memory allocation (malloc) failed to allocate 1895376 bytes for Chunk::new
# Possible reasons:
#   The system is out of physical RAM or swap space
#   The process is running with CompressedOops enabled, and the Java Heap may be blocking the growth of the native heap
# Possible solutions:
#   Reduce memory load on the system
#   Increase physical memory or swap space
#   Check if swap backing store is full
#   Decrease Java heap size (-Xmx/-Xms)
#   Decrease number of Java threads
#   Decrease Java thread stack sizes (-Xss)
#   Set larger code cache with -XX:ReservedCodeCacheSize=
#   JVM is running with Unscaled Compressed Oops mode in which the Java heap is
#     placed in the first 4GB address space. The Java Heap base address is the
#     maximum limit for the native heap growth. Please use -XX:HeapBaseMinAddress
#     to set the Java Heap base and to place the Java Heap above 4GB virtual address.
# This output file may be truncated or incomplete.
#
#  Out of Memory Error (arena.cpp:197), pid=22480, tid=9284
#
# JRE version: OpenJDK Runtime Environment Microsoft-8035250 (11.0.20+8) (build 11.0.20+8-LTS)
# Java VM: OpenJDK 64-Bit Server VM Microsoft-8035250 (11.0.20+8-LTS, mixed mode, tiered, compressed oops, g1 gc, windows-amd64)
# No core dump will be written. Minidumps are not enabled by default on client versions of Windows
#

---------------  S U M M A R Y ------------

Command Line: -XX:MaxMetaspaceSize=512m --add-opens=java.base/java.util=ALL-UNNAMED --add-opens=java.base/java.lang=ALL-UNNAMED --add-opens=java.base/java.lang.invoke=ALL-UNNAMED --add-opens=java.prefs/java.util.prefs=ALL-UNNAMED --add-opens=java.base/java.nio.charset=ALL-UNNAMED --add-opens=java.base/java.net=ALL-UNNAMED --add-opens=java.base/java.util.concurrent.atomic=ALL-UNNAMED -Xmx2048m -Dfile.encoding=x-windows-949 -Duser.country=KR -Duser.language=ko -Duser.variant org.gradle.launcher.daemon.bootstrap.GradleDaemon 8.0.1

Host: Intel(R) Core(TM) i7-8550U CPU @ 1.80GHz, 8 cores, 15G,  Windows 10 , 64 bit Build 19041 (10.0.19041.3636)
Time: Tue Jan  9 18:56:42 2024  Windows 10 , 64 bit Build 19041 (10.0.19041.3636) elapsed time: 25.807059 seconds (0d 0h 0m 25s)

---------------  T H R E A D  ---------------

Current thread (0x00000265e07bb000):  JavaThread "C2 CompilerThread0" daemon [_thread_in_native, id=9284, stack(0x000000d823900000,0x000000d823a00000)]


Current CompileTask:
C2:  25807 6597       4       sun.reflect.generics.parser.SignatureParser::parsePackageNameAndSimpleClassTypeSignature (119 bytes)

Stack: [0x000000d823900000,0x000000d823a00000]
Native frames: (J=compiled Java code, j=interpreted, Vv=VM code, C=native code)
V  [jvm.dll+0x62e9da]
V  [jvm.dll+0x7bc4e9]
V  [jvm.dll+0x7bdbd8]
V  [jvm.dll+0x7be2b3]
V  [jvm.dll+0x2505a8]
V  [jvm.dll+0xc263c]
V  [jvm.dll+0xc2bfc]
V  [jvm.dll+0x35fd82]
V  [jvm.dll+0x32bf13]
V  [jvm.dll+0x32b24a]
V  [jvm.dll+0x2097e3]
V  [jvm.dll+0x20893d]
V  [jvm.dll+0x18a7de]
V  [jvm.dll+0x2181ec]
V  [jvm.dll+0x21642b]
V  [jvm.dll+0x77efc0]
V  [jvm.dll+0x777db4]
V  [jvm.dll+0x62d845]
C  [ucrtbase.dll+0x21bb2]
C  [KERNEL32.DLL+0x17344]
C  [ntdll.dll+0x526b1]


---------------  P R O C E S S  ---------------

Threads class SMR info:
_java_thread_list=0x00000265e5c75240, length=72, elements={
0x00000265c0dde800, 0x00000265dff13000, 0x00000265e0748800, 0x00000265e07ad800,
0x00000265e07ae800, 0x00000265e07af800, 0x00000265e07bb000, 0x00000265dff19000,
0x00000265dff1c800, 0x00000265e0939000, 0x00000265e2b24800, 0x00000265e2f33800,
0x00000265e2d15000, 0x00000265e31de800, 0x00000265e31df000, 0x00000265e197b800,
0x00000265e10d2000, 0x00000265e4031000, 0x00000265e1a6e800, 0x00000265e1a6f800,
0x00000265e2fc1800, 0x00000265e2fc2000, 0x00000265e2fc3000, 0x00000265e2fbd800,
0x00000265e2fc4000, 0x00000265e2fc0000, 0x00000265e2fbe000, 0x00000265e2fbf000,
0x00000265e2fc0800, 0x00000265e10ef000, 0x00000265e10f1800, 0x00000265e10f1000,
0x00000265e10f0000, 0x00000265e10ee800, 0x00000265e10f9000, 0x00000265e10f5800,
0x00000265e10f5000, 0x00000265e10fa800, 0x00000265e10fa000, 0x00000265e10f6800,
0x00000265e10fb800, 0x00000265e10f8000, 0x00000265e10fc000, 0x00000265e10fd000,
0x00000265e10f7800, 0x00000265e73ed800, 0x00000265e73ea000, 0x00000265e73e7800,
0x00000265e73eb800, 0x00000265e73ec800, 0x00000265e73eb000, 0x00000265e73ee000,
0x00000265e73e8800, 0x00000265e73ef000, 0x00000265e73e9000, 0x00000265e73f4000,
0x00000265e73f2000, 0x00000265e73f4800, 0x00000265e73f0800, 0x00000265e73f5800,
0x00000265e73ef800, 0x00000265e73f3000, 0x00000265e73f6800, 0x00000265e73f1800,
0x00000265e1851800, 0x00000265e1850000, 0x00000265e1856800, 0x00000265e1855000,
0x00000265e1856000, 0x00000265e3fbf800, 0x00000265e65ba800, 0x00000265e1852800
}

Java Threads: ( => current thread )
  0x00000265c0dde800 JavaThread "main" [_thread_blocked, id=31936, stack(0x000000d822d00000,0x000000d822e00000)]
  0x00000265dff13000 JavaThread "Reference Handler" daemon [_thread_blocked, id=28536, stack(0x000000d823400000,0x000000d823500000)]
  0x00000265e0748800 JavaThread "Finalizer" daemon [_thread_blocked, id=30228, stack(0x000000d823500000,0x000000d823600000)]
  0x00000265e07ad800 JavaThread "Signal Dispatcher" daemon [_thread_blocked, id=13000, stack(0x000000d823600000,0x000000d823700000)]
  0x00000265e07ae800 JavaThread "Attach Listener" daemon [_thread_blocked, id=14400, stack(0x000000d823700000,0x000000d823800000)]
  0x00000265e07af800 JavaThread "Service Thread" daemon [_thread_blocked, id=24756, stack(0x000000d823800000,0x000000d823900000)]
=>0x00000265e07bb000 JavaThread "C2 CompilerThread0" daemon [_thread_in_native, id=9284, stack(0x000000d823900000,0x000000d823a00000)]
  0x00000265dff19000 JavaThread "C1 CompilerThread0" daemon [_thread_blocked, id=5280, stack(0x000000d823a00000,0x000000d823b00000)]
  0x00000265dff1c800 JavaThread "Sweeper thread" daemon [_thread_blocked, id=20184, stack(0x000000d823b00000,0x000000d823c00000)]
  0x00000265e0939000 JavaThread "Common-Cleaner" daemon [_thread_blocked, id=23812, stack(0x000000d823c00000,0x000000d823d00000)]
  0x00000265e2b24800 JavaThread "Daemon health stats" [_thread_blocked, id=11516, stack(0x000000d824500000,0x000000d824600000)]
  0x00000265e2f33800 JavaThread "Incoming local TCP Connector on port 56176" [_thread_in_native, id=18960, stack(0x000000d823e00000,0x000000d823f00000)]
  0x00000265e2d15000 JavaThread "Daemon periodic checks" [_thread_blocked, id=13216, stack(0x000000d823f00000,0x000000d824000000)]
  0x00000265e31de800 JavaThread "Daemon" [_thread_blocked, id=25468, stack(0x000000d824600000,0x000000d824700000)]
  0x00000265e31df000 JavaThread "Handler for socket connection from /127.0.0.1:56176 to /127.0.0.1:56177" [_thread_in_native, id=6032, stack(0x000000d824700000,0x000000d824800000)]
  0x00000265e197b800 JavaThread "Cancel handler" [_thread_blocked, id=30968, stack(0x000000d824800000,0x000000d824900000)]
  0x00000265e10d2000 JavaThread "Daemon worker" [_thread_in_native, id=30952, stack(0x000000d824900000,0x000000d824a00000)]
  0x00000265e4031000 JavaThread "Asynchronous log dispatcher for DefaultDaemonConnection: socket connection from /127.0.0.1:56176 to /127.0.0.1:56177" [_thread_blocked, id=1040, stack(0x000000d824a00000,0x000000d824b00000)]
  0x00000265e1a6e800 JavaThread "Stdin handler" [_thread_blocked, id=25000, stack(0x000000d824b00000,0x000000d824c00000)]
  0x00000265e1a6f800 JavaThread "Daemon client event forwarder" [_thread_blocked, id=5936, stack(0x000000d824c00000,0x000000d824d00000)]
  0x00000265e2fc1800 JavaThread "Cache worker for journal cache (C:\Users\JungHun\.gradle\caches\journal-1)" [_thread_blocked, id=32336, stack(0x000000d825000000,0x000000d825100000)]
  0x00000265e2fc2000 JavaThread "File lock request listener" [_thread_in_native, id=25760, stack(0x000000d825100000,0x000000d825200000)]
  0x00000265e2fc3000 JavaThread "Cache worker for file hash cache (C:\Users\JungHun\.gradle\caches\8.0.1\fileHashes)" [_thread_blocked, id=6516, stack(0x000000d825200000,0x000000d825300000)]
  0x00000265e2fbd800 JavaThread "File watcher server" daemon [_thread_in_native, id=7084, stack(0x000000d825400000,0x000000d825500000)]
  0x00000265e2fc4000 JavaThread "File watcher consumer" daemon [_thread_blocked, id=6496, stack(0x000000d825500000,0x000000d825600000)]
  0x00000265e2fc0000 JavaThread "Cache worker for checksums cache (D:\Madcamp\Madcamp2\android\.gradle\8.0.1\checksums)" [_thread_blocked, id=31920, stack(0x000000d825600000,0x000000d825700000)]
  0x00000265e2fbe000 JavaThread "Cache worker for cache directory md-rule (C:\Users\JungHun\.gradle\caches\8.0.1\md-rule)" [_thread_blocked, id=27512, stack(0x000000d825700000,0x000000d825800000)]
  0x00000265e2fbf000 JavaThread "Cache worker for file content cache (C:\Users\JungHun\.gradle\caches\8.0.1\fileContent)" [_thread_blocked, id=29660, stack(0x000000d825800000,0x000000d825900000)]
  0x00000265e2fc0800 JavaThread "Cache worker for file hash cache (D:\Madcamp\Madcamp2\android\.gradle\8.0.1\fileHashes)" [_thread_blocked, id=32516, stack(0x000000d825900000,0x000000d825a00000)]
  0x00000265e10ef000 JavaThread "Cache worker for cache directory md-supplier (C:\Users\JungHun\.gradle\caches\8.0.1\md-supplier)" [_thread_blocked, id=17216, stack(0x000000d825a00000,0x000000d825b00000)]
  0x00000265e10f1800 JavaThread "Cache worker for execution history cache (C:\Users\JungHun\.gradle\caches\8.0.1\executionHistory)" [_thread_blocked, id=5820, stack(0x000000d825b00000,0x000000d825c00000)]
  0x00000265e10f1000 JavaThread "jar transforms" [_thread_blocked, id=29160, stack(0x000000d825d00000,0x000000d825e00000)]
  0x00000265e10f0000 JavaThread "jar transforms Thread 2" [_thread_blocked, id=28172, stack(0x000000d825e00000,0x000000d825f00000)]
  0x00000265e10ee800 JavaThread "jar transforms Thread 3" [_thread_blocked, id=19172, stack(0x000000d825f00000,0x000000d826000000)]
  0x00000265e10f9000 JavaThread "jar transforms Thread 4" [_thread_blocked, id=27388, stack(0x000000d826000000,0x000000d826100000)]
  0x00000265e10f5800 JavaThread "Cache worker for kotlin-dsl (C:\Users\JungHun\.gradle\caches\8.0.1\kotlin-dsl)" [_thread_blocked, id=31060, stack(0x000000d826100000,0x000000d826200000)]
  0x00000265e10f5000 JavaThread "jar transforms Thread 5" [_thread_blocked, id=17356, stack(0x000000d826200000,0x000000d826300000)]
  0x00000265e10fa800 JavaThread "jar transforms Thread 6" [_thread_blocked, id=27788, stack(0x000000d826300000,0x000000d826400000)]
  0x00000265e10fa000 JavaThread "Cache worker for dependencies-accessors (D:\Madcamp\Madcamp2\android\.gradle\8.0.1\dependencies-accessors)" [_thread_blocked, id=19204, stack(0x000000d826400000,0x000000d826500000)]
  0x00000265e10f6800 JavaThread "Cache worker for Build Output Cleanup Cache (D:\Madcamp\Madcamp2\node_modules\@react-native\gradle-plugin\.gradle\buildOutputCleanup)" [_thread_blocked, id=21596, stack(0x000000d825300000,0x000000d825400000)]
  0x00000265e10fb800 JavaThread "jar transforms Thread 7" [_thread_blocked, id=6716, stack(0x000000d825c00000,0x000000d825d00000)]
  0x00000265e10f8000 JavaThread "Unconstrained build operations" [_thread_blocked, id=31212, stack(0x000000d826800000,0x000000d826900000)]
  0x00000265e10fc000 JavaThread "Unconstrained build operations Thread 2" [_thread_blocked, id=4144, stack(0x000000d826900000,0x000000d826a00000)]
  0x00000265e10fd000 JavaThread "Unconstrained build operations Thread 3" [_thread_blocked, id=23472, stack(0x000000d826a00000,0x000000d826b00000)]
  0x00000265e10f7800 JavaThread "Unconstrained build operations Thread 4" [_thread_blocked, id=4540, stack(0x000000d826b00000,0x000000d826c00000)]
  0x00000265e73ed800 JavaThread "Unconstrained build operations Thread 5" [_thread_blocked, id=28896, stack(0x000000d826c00000,0x000000d826d00000)]
  0x00000265e73ea000 JavaThread "Unconstrained build operations Thread 6" [_thread_blocked, id=27012, stack(0x000000d826d00000,0x000000d826e00000)]
  0x00000265e73e7800 JavaThread "Unconstrained build operations Thread 7" [_thread_blocked, id=30052, stack(0x000000d826e00000,0x000000d826f00000)]
  0x00000265e73eb800 JavaThread "Unconstrained build operations Thread 8" [_thread_blocked, id=31364, stack(0x000000d826f00000,0x000000d827000000)]
  0x00000265e73ec800 JavaThread "Unconstrained build operations Thread 9" [_thread_blocked, id=31244, stack(0x000000d827000000,0x000000d827100000)]
  0x00000265e73eb000 JavaThread "Unconstrained build operations Thread 10" [_thread_blocked, id=28964, stack(0x000000d827100000,0x000000d827200000)]
  0x00000265e73ee000 JavaThread "Unconstrained build operations Thread 11" [_thread_blocked, id=17232, stack(0x000000d827200000,0x000000d827300000)]
  0x00000265e73e8800 JavaThread "Unconstrained build operations Thread 12" [_thread_blocked, id=25832, stack(0x000000d827300000,0x000000d827400000)]
  0x00000265e73ef000 JavaThread "Unconstrained build operations Thread 13" [_thread_blocked, id=32596, stack(0x000000d827400000,0x000000d827500000)]
  0x00000265e73e9000 JavaThread "Unconstrained build operations Thread 14" [_thread_blocked, id=21512, stack(0x000000d827500000,0x000000d827600000)]
  0x00000265e73f4000 JavaThread "Unconstrained build operations Thread 15" [_thread_blocked, id=7676, stack(0x000000d827600000,0x000000d827700000)]
  0x00000265e73f2000 JavaThread "Unconstrained build operations Thread 16" [_thread_blocked, id=14356, stack(0x000000d827700000,0x000000d827800000)]
  0x00000265e73f4800 JavaThread "Unconstrained build operations Thread 17" [_thread_blocked, id=29736, stack(0x000000d827800000,0x000000d827900000)]
  0x00000265e73f0800 JavaThread "Unconstrained build operations Thread 18" [_thread_blocked, id=13708, stack(0x000000d827900000,0x000000d827a00000)]
  0x00000265e73f5800 JavaThread "Unconstrained build operations Thread 19" [_thread_blocked, id=28160, stack(0x000000d827a00000,0x000000d827b00000)]
  0x00000265e73ef800 JavaThread "Unconstrained build operations Thread 20" [_thread_blocked, id=30880, stack(0x000000d827b00000,0x000000d827c00000)]
  0x00000265e73f3000 JavaThread "Unconstrained build operations Thread 21" [_thread_blocked, id=5296, stack(0x000000d827c00000,0x000000d827d00000)]
  0x00000265e73f6800 JavaThread "Unconstrained build operations Thread 22" [_thread_blocked, id=8136, stack(0x000000d827d00000,0x000000d827e00000)]
  0x00000265e73f1800 JavaThread "Unconstrained build operations Thread 23" [_thread_blocked, id=11316, stack(0x000000d827e00000,0x000000d827f00000)]
  0x00000265e1851800 JavaThread "Unconstrained build operations Thread 24" [_thread_blocked, id=13292, stack(0x000000d827f00000,0x000000d828000000)]
  0x00000265e1850000 JavaThread "Unconstrained build operations Thread 25" [_thread_blocked, id=29640, stack(0x000000d828000000,0x000000d828100000)]
  0x00000265e1856800 JavaThread "Unconstrained build operations Thread 26" [_thread_blocked, id=21748, stack(0x000000d828100000,0x000000d828200000)]
  0x00000265e1855000 JavaThread "jar transforms Thread 8" [_thread_blocked, id=31896, stack(0x000000d828200000,0x000000d828300000)]
  0x00000265e1856000 JavaThread "Memory manager" [_thread_blocked, id=8212, stack(0x000000d828300000,0x000000d828400000)]
  0x00000265e3fbf800 JavaThread "C2 CompilerThread1" daemon [_thread_in_native, id=32400, stack(0x000000d826500000,0x000000d826600000)]
  0x00000265e65ba800 JavaThread "C2 CompilerThread2" daemon [_thread_in_native, id=4384, stack(0x000000d826600000,0x000000d826700000)]
  0x00000265e1852800 JavaThread "Cache worker for Build Output Cleanup Cache (D:\Madcamp\Madcamp2\android\.gradle\buildOutputCleanup)" [_thread_blocked, id=21972, stack(0x000000d828400000,0x000000d828500000)]

Other Threads:
  0x00000265dff0f000 VMThread "VM Thread" [stack: 0x000000d823300000,0x000000d823400000] [id=29928]
  0x00000265e093e800 WatcherThread [stack: 0x000000d823d00000,0x000000d823e00000] [id=31820]
  0x00000265c0df8800 GCTaskThread "GC Thread#0" [stack: 0x000000d822e00000,0x000000d822f00000] [id=30896]
  0x00000265e1a90800 GCTaskThread "GC Thread#1" [stack: 0x000000d824000000,0x000000d824100000] [id=14312]
  0x00000265e1794000 GCTaskThread "GC Thread#2" [stack: 0x000000d824100000,0x000000d824200000] [id=4200]
  0x00000265e1880000 GCTaskThread "GC Thread#3" [stack: 0x000000d824200000,0x000000d824300000] [id=31008]
  0x00000265e1524800 GCTaskThread "GC Thread#4" [stack: 0x000000d824300000,0x000000d824400000] [id=29100]
  0x00000265e1da1800 GCTaskThread "GC Thread#5" [stack: 0x000000d824400000,0x000000d824500000] [id=14680]
  0x00000265e278d000 GCTaskThread "GC Thread#6" [stack: 0x000000d824d00000,0x000000d824e00000] [id=6296]
  0x00000265e2e89000 GCTaskThread "GC Thread#7" [stack: 0x000000d824e00000,0x000000d824f00000] [id=13616]
  0x00000265c0e2b800 ConcurrentGCThread "G1 Main Marker" [stack: 0x000000d822f00000,0x000000d823000000] [id=18020]
  0x00000265c0e2d000 ConcurrentGCThread "G1 Conc#0" [stack: 0x000000d823000000,0x000000d823100000] [id=27348]
  0x00000265e2010800 ConcurrentGCThread "G1 Conc#1" [stack: 0x000000d824f00000,0x000000d825000000] [id=14792]
  0x00000265c0ebe000 ConcurrentGCThread "G1 Refine#0" [stack: 0x000000d823100000,0x000000d823200000] [id=22624]
  0x00000265dfd9c800 ConcurrentGCThread "G1 Young RemSet Sampling" [stack: 0x000000d823200000,0x000000d823300000] [id=28840]

Threads with active compile tasks:
C2 CompilerThread0    25856 6597       4       sun.reflect.generics.parser.SignatureParser::parsePackageNameAndSimpleClassTypeSignature (119 bytes)
C2 CompilerThread1    25856 6665       4       org.gradle.internal.reflect.ClassInspector::inspectClass (179 bytes)
C2 CompilerThread2    25856 6626 %     4       org.gradle.internal.instantiation.generator.AbstractClassGenerator::inspectType @ 107 (560 bytes)

VM state:not at safepoint (normal execution)

VM Mutex/Monitor currently owned by a thread: None

Heap address: 0x0000000080000000, size: 2048 MB, Compressed Oops mode: 32-bit
Narrow klass base: 0x0000000000000000, Narrow klass shift: 3
Compressed class space size: 528482304 Address: 0x0000000100000000

Heap:
 garbage-first heap   total 262144K, used 121526K [0x0000000080000000, 0x0000000100000000)
  region size 1024K, 76 young (77824K), 9 survivors (9216K)
 Metaspace       used 74600K, capacity 76664K, committed 77008K, reserved 583680K
  class space    used 9675K, capacity 10522K, committed 10624K, reserved 516096K
Heap Regions: E=young(eden), S=young(survivor), O=old, HS=humongous(starts), HC=humongous(continues), CS=collection set, F=free, A=archive, TAMS=top-at-mark-start (previous, next)
|   0|0x0000000080000000, 0x0000000080100000, 0x0000000080100000|100%|HS|  |TAMS 0x0000000080100000, 0x0000000080000000| Complete 
|   1|0x0000000080100000, 0x0000000080200000, 0x0000000080200000|100%|HC|  |TAMS 0x0000000080200000, 0x0000000080100000| Complete 
|   2|0x0000000080200000, 0x0000000080300000, 0x0000000080300000|100%|HC|  |TAMS 0x0000000080300000, 0x0000000080200000| Complete 
|   3|0x0000000080300000, 0x0000000080400000, 0x0000000080400000|100%|HC|  |TAMS 0x0000000080400000, 0x0000000080300000| Complete 
|   4|0x0000000080400000, 0x0000000080500000, 0x0000000080500000|100%| O|  |TAMS 0x0000000080500000, 0x0000000080400000| Untracked 
|   5|0x0000000080500000, 0x0000000080600000, 0x0000000080600000|100%| O|  |TAMS 0x0000000080600000, 0x0000000080500000| Untracked 
|   6|0x0000000080600000, 0x0000000080700000, 0x0000000080700000|100%| O|  |TAMS 0x0000000080700000, 0x0000000080600000| Untracked 
|   7|0x0000000080700000, 0x0000000080800000, 0x0000000080800000|100%| O|  |TAMS 0x0000000080800000, 0x0000000080700000| Untracked 
|   8|0x0000000080800000, 0x0000000080900000, 0x0000000080900000|100%| O|  |TAMS 0x0000000080900000, 0x0000000080800000| Untracked 
|   9|0x0000000080900000, 0x0000000080a00000, 0x0000000080a00000|100%| O|  |TAMS 0x0000000080a00000, 0x0000000080900000| Untracked 
|  10|0x0000000080a00000, 0x0000000080b00000, 0x0000000080b00000|100%| O|  |TAMS 0x0000000080b00000, 0x0000000080a00000| Untracked 
|  11|0x0000000080b00000, 0x0000000080c00000, 0x0000000080c00000|100%| O|  |TAMS 0x0000000080c00000, 0x0000000080b00000| Untracked 
|  12|0x0000000080c00000, 0x0000000080d00000, 0x0000000080d00000|100%| O|  |TAMS 0x0000000080d00000, 0x0000000080c00000| Untracked 
|  13|0x0000000080d00000, 0x0000000080e00000, 0x0000000080e00000|100%| O|  |TAMS 0x0000000080e00000, 0x0000000080d00000| Untracked 
|  14|0x0000000080e00000, 0x0000000080f00000, 0x0000000080f00000|100%| O|  |TAMS 0x0000000080f00000, 0x0000000080e00000| Untracked 
|  15|0x0000000080f00000, 0x0000000081000000, 0x0000000081000000|100%| O|  |TAMS 0x0000000081000000, 0x0000000080f00000| Untracked 
|  16|0x0000000081000000, 0x0000000081100000, 0x0000000081100000|100%| O|  |TAMS 0x0000000081100000, 0x0000000081000000| Untracked 
|  17|0x0000000081100000, 0x0000000081200000, 0x0000000081200000|100%| O|  |TAMS 0x0000000081200000, 0x0000000081100000| Untracked 
|  18|0x0000000081200000, 0x0000000081300000, 0x0000000081300000|100%| O|  |TAMS 0x0000000081300000, 0x0000000081200000| Untracked 
|  19|0x0000000081300000, 0x0000000081400000, 0x0000000081400000|100%| O|  |TAMS 0x0000000081400000, 0x0000000081300000| Untracked 
|  20|0x0000000081400000, 0x0000000081500000, 0x0000000081500000|100%| O|  |TAMS 0x0000000081500000, 0x0000000081400000| Untracked 
|  21|0x0000000081500000, 0x0000000081600000, 0x0000000081600000|100%| O|  |TAMS 0x0000000081600000, 0x0000000081500000| Untracked 
|  22|0x0000000081600000, 0x0000000081700000, 0x0000000081700000|100%|HS|  |TAMS 0x0000000081700000, 0x0000000081600000| Complete 
|  23|0x0000000081700000, 0x0000000081800000, 0x0000000081800000|100%|HC|  |TAMS 0x0000000081800000, 0x0000000081700000| Complete 
|  24|0x0000000081800000, 0x0000000081900000, 0x0000000081900000|100%|HS|  |TAMS 0x0000000081900000, 0x0000000081800000| Complete 
|  25|0x0000000081900000, 0x0000000081a00000, 0x0000000081a00000|100%|HC|  |TAMS 0x0000000081a00000, 0x0000000081900000| Complete 
|  26|0x0000000081a00000, 0x0000000081b00000, 0x0000000081b00000|100%|HC|  |TAMS 0x0000000081b00000, 0x0000000081a00000| Complete 
|  27|0x0000000081b00000, 0x0000000081c00000, 0x0000000081c00000|100%|HC|  |TAMS 0x0000000081c00000, 0x0000000081b00000| Complete 
|  28|0x0000000081c00000, 0x0000000081d00000, 0x0000000081d00000|100%| O|  |TAMS 0x0000000081d00000, 0x0000000081c00000| Untracked 
|  29|0x0000000081d00000, 0x0000000081e00000, 0x0000000081e00000|100%| O|  |TAMS 0x0000000081e00000, 0x0000000081d00000| Untracked 
|  30|0x0000000081e00000, 0x0000000081f00000, 0x0000000081f00000|100%| O|  |TAMS 0x0000000081f00000, 0x0000000081e00000| Untracked 
|  31|0x0000000081f00000, 0x0000000082000000, 0x0000000082000000|100%| O|  |TAMS 0x0000000082000000, 0x0000000081f00000| Untracked 
|  32|0x0000000082000000, 0x0000000082100000, 0x0000000082100000|100%| O|  |TAMS 0x0000000082100000, 0x0000000082000000| Untracked 
|  33|0x0000000082100000, 0x0000000082200000, 0x0000000082200000|100%| O|  |TAMS 0x0000000082200000, 0x0000000082100000| Untracked 
|  34|0x0000000082200000, 0x0000000082300000, 0x0000000082300000|100%| O|  |TAMS 0x0000000082300000, 0x0000000082200000| Untracked 
|  35|0x0000000082300000, 0x0000000082400000, 0x0000000082400000|100%| O|  |TAMS 0x00000000823f7600, 0x0000000082300000| Untracked 
|  36|0x0000000082400000, 0x0000000082500000, 0x0000000082500000|100%| O|  |TAMS 0x0000000082400000, 0x0000000082400000| Untracked 
|  37|0x0000000082500000, 0x0000000082600000, 0x0000000082600000|100%| O|  |TAMS 0x0000000082500000, 0x0000000082500000| Untracked 
|  38|0x0000000082600000, 0x0000000082700000, 0x0000000082700000|100%| O|  |TAMS 0x0000000082600000, 0x0000000082600000| Untracked 
|  39|0x0000000082700000, 0x0000000082800000, 0x0000000082800000|100%| O|  |TAMS 0x0000000082700000, 0x0000000082700000| Untracked 
|  40|0x0000000082800000, 0x0000000082900000, 0x0000000082900000|100%| O|  |TAMS 0x0000000082800000, 0x0000000082800000| Untracked 
|  41|0x0000000082900000, 0x0000000082a00000, 0x0000000082a00000|100%| O|  |TAMS 0x0000000082900000, 0x0000000082900000| Untracked 
|  42|0x0000000082a00000, 0x0000000082b00000, 0x0000000082b00000|100%| O|  |TAMS 0x0000000082a00000, 0x0000000082a00000| Untracked 
|  43|0x0000000082b00000, 0x0000000082bde200, 0x0000000082c00000| 86%| O|  |TAMS 0x0000000082b00000, 0x0000000082b00000| Untracked 
|  44|0x0000000082c00000, 0x0000000082c00000, 0x0000000082d00000|  0%| F|  |TAMS 0x0000000082c00000, 0x0000000082c00000| Untracked 
|  45|0x0000000082d00000, 0x0000000082d00000, 0x0000000082e00000|  0%| F|  |TAMS 0x0000000082d00000, 0x0000000082d00000| Untracked 
|  46|0x0000000082e00000, 0x0000000082e00000, 0x0000000082f00000|  0%| F|  |TAMS 0x0000000082e00000, 0x0000000082e00000| Untracked 
|  47|0x0000000082f00000, 0x0000000082f00000, 0x0000000083000000|  0%| F|  |TAMS 0x0000000082f00000, 0x0000000082f00000| Untracked 
|  48|0x0000000083000000, 0x0000000083000000, 0x0000000083100000|  0%| F|  |TAMS 0x0000000083000000, 0x0000000083000000| Untracked 
|  49|0x0000000083100000, 0x0000000083100000, 0x0000000083200000|  0%| F|  |TAMS 0x0000000083100000, 0x0000000083100000| Untracked 
|  50|0x0000000083200000, 0x0000000083200000, 0x0000000083300000|  0%| F|  |TAMS 0x0000000083200000, 0x0000000083200000| Untracked 
|  51|0x0000000083300000, 0x0000000083300000, 0x0000000083400000|  0%| F|  |TAMS 0x0000000083300000, 0x0000000083300000| Untracked 
|  52|0x0000000083400000, 0x0000000083400000, 0x0000000083500000|  0%| F|  |TAMS 0x0000000083400000, 0x0000000083400000| Untracked 
|  53|0x0000000083500000, 0x0000000083500000, 0x0000000083600000|  0%| F|  |TAMS 0x0000000083500000, 0x0000000083500000| Untracked 
|  54|0x0000000083600000, 0x0000000083600000, 0x0000000083700000|  0%| F|  |TAMS 0x0000000083600000, 0x0000000083600000| Untracked 
|  55|0x0000000083700000, 0x0000000083700000, 0x0000000083800000|  0%| F|  |TAMS 0x0000000083700000, 0x0000000083700000| Untracked 
|  56|0x0000000083800000, 0x0000000083800000, 0x0000000083900000|  0%| F|  |TAMS 0x0000000083800000, 0x0000000083800000| Untracked 
|  57|0x0000000083900000, 0x0000000083900000, 0x0000000083a00000|  0%| F|  |TAMS 0x0000000083900000, 0x0000000083900000| Untracked 
|  58|0x0000000083a00000, 0x0000000083a00000, 0x0000000083b00000|  0%| F|  |TAMS 0x0000000083a00000, 0x0000000083a00000| Untracked 
|  59|0x0000000083b00000, 0x0000000083b00000, 0x0000000083c00000|  0%| F|  |TAMS 0x0000000083b00000, 0x0000000083b00000| Untracked 
|  60|0x0000000083c00000, 0x0000000083c00000, 0x0000000083d00000|  0%| F|  |TAMS 0x0000000083c00000, 0x0000000083c00000| Untracked 
|  61|0x0000000083d00000, 0x0000000083d00000, 0x0000000083e00000|  0%| F|  |TAMS 0x0000000083d00000, 0x0000000083d00000| Untracked 
|  62|0x0000000083e00000, 0x0000000083e00000, 0x0000000083f00000|  0%| F|  |TAMS 0x0000000083e00000, 0x0000000083e00000| Untracked 
|  63|0x0000000083f00000, 0x0000000083f00000, 0x0000000084000000|  0%| F|  |TAMS 0x0000000083f00000, 0x0000000083f00000| Untracked 
|  64|0x0000000084000000, 0x0000000084000000, 0x0000000084100000|  0%| F|  |TAMS 0x0000000084000000, 0x0000000084000000| Untracked 
|  65|0x0000000084100000, 0x0000000084100000, 0x0000000084200000|  0%| F|  |TAMS 0x0000000084100000, 0x0000000084100000| Untracked 
|  66|0x0000000084200000, 0x0000000084200000, 0x0000000084300000|  0%| F|  |TAMS 0x0000000084200000, 0x0000000084200000| Untracked 
|  67|0x0000000084300000, 0x0000000084300000, 0x0000000084400000|  0%| F|  |TAMS 0x0000000084300000, 0x0000000084300000| Untracked 
|  68|0x0000000084400000, 0x0000000084400000, 0x0000000084500000|  0%| F|  |TAMS 0x0000000084400000, 0x0000000084400000| Untracked 
|  69|0x0000000084500000, 0x0000000084500000, 0x0000000084600000|  0%| F|  |TAMS 0x0000000084500000, 0x0000000084500000| Untracked 
|  70|0x0000000084600000, 0x0000000084600000, 0x0000000084700000|  0%| F|  |TAMS 0x0000000084600000, 0x0000000084600000| Untracked 
|  71|0x0000000084700000, 0x0000000084700000, 0x0000000084800000|  0%| F|  |TAMS 0x0000000084700000, 0x0000000084700000| Untracked 
|  72|0x0000000084800000, 0x0000000084800000, 0x0000000084900000|  0%| F|  |TAMS 0x0000000084800000, 0x0000000084800000| Untracked 
|  73|0x0000000084900000, 0x0000000084900000, 0x0000000084a00000|  0%| F|  |TAMS 0x0000000084900000, 0x0000000084900000| Untracked 
|  74|0x0000000084a00000, 0x0000000084a00000, 0x0000000084b00000|  0%| F|  |TAMS 0x0000000084a00000, 0x0000000084a00000| Untracked 
|  75|0x0000000084b00000, 0x0000000084b00000, 0x0000000084c00000|  0%| F|  |TAMS 0x0000000084b00000, 0x0000000084b00000| Untracked 
|  76|0x0000000084c00000, 0x0000000084c00000, 0x0000000084d00000|  0%| F|  |TAMS 0x0000000084c00000, 0x0000000084c00000| Untracked 
|  77|0x0000000084d00000, 0x0000000084d00000, 0x0000000084e00000|  0%| F|  |TAMS 0x0000000084d00000, 0x0000000084d00000| Untracked 
|  78|0x0000000084e00000, 0x0000000084e00000, 0x0000000084f00000|  0%| F|  |TAMS 0x0000000084e00000, 0x0000000084e00000| Untracked 
|  79|0x0000000084f00000, 0x0000000084f00000, 0x0000000085000000|  0%| F|  |TAMS 0x0000000084f00000, 0x0000000084f00000| Untracked 
|  80|0x0000000085000000, 0x0000000085000000, 0x0000000085100000|  0%| F|  |TAMS 0x0000000085000000, 0x0000000085000000| Untracked 
|  81|0x0000000085100000, 0x0000000085100000, 0x0000000085200000|  0%| F|  |TAMS 0x0000000085100000, 0x0000000085100000| Untracked 
|  82|0x0000000085200000, 0x0000000085200000, 0x0000000085300000|  0%| F|  |TAMS 0x0000000085200000, 0x0000000085200000| Untracked 
|  83|0x0000000085300000, 0x0000000085300000, 0x0000000085400000|  0%| F|  |TAMS 0x0000000085300000, 0x0000000085300000| Untracked 
|  84|0x0000000085400000, 0x0000000085400000, 0x0000000085500000|  0%| F|  |TAMS 0x0000000085400000, 0x0000000085400000| Untracked 
|  85|0x0000000085500000, 0x0000000085500000, 0x0000000085600000|  0%| F|  |TAMS 0x0000000085500000, 0x0000000085500000| Untracked 
|  86|0x0000000085600000, 0x0000000085600000, 0x0000000085700000|  0%| F|  |TAMS 0x0000000085600000, 0x0000000085600000| Untracked 
|  87|0x0000000085700000, 0x0000000085700000, 0x0000000085800000|  0%| F|  |TAMS 0x0000000085700000, 0x0000000085700000| Untracked 
|  88|0x0000000085800000, 0x0000000085800000, 0x0000000085900000|  0%| F|  |TAMS 0x0000000085800000, 0x0000000085800000| Untracked 
|  89|0x0000000085900000, 0x0000000085900000, 0x0000000085a00000|  0%| F|  |TAMS 0x0000000085900000, 0x0000000085900000| Untracked 
|  90|0x0000000085a00000, 0x0000000085a00000, 0x0000000085b00000|  0%| F|  |TAMS 0x0000000085a00000, 0x0000000085a00000| Untracked 
|  91|0x0000000085b00000, 0x0000000085b00000, 0x0000000085c00000|  0%| F|  |TAMS 0x0000000085b00000, 0x0000000085b00000| Untracked 
|  92|0x0000000085c00000, 0x0000000085c00000, 0x0000000085d00000|  0%| F|  |TAMS 0x0000000085c00000, 0x0000000085c00000| Untracked 
|  93|0x0000000085d00000, 0x0000000085d00000, 0x0000000085e00000|  0%| F|  |TAMS 0x0000000085d00000, 0x0000000085d00000| Untracked 
|  94|0x0000000085e00000, 0x0000000085e00000, 0x0000000085f00000|  0%| F|  |TAMS 0x0000000085e00000, 0x0000000085e00000| Untracked 
|  95|0x0000000085f00000, 0x0000000085f00000, 0x0000000086000000|  0%| F|  |TAMS 0x0000000085f00000, 0x0000000085f00000| Untracked 
|  96|0x0000000086000000, 0x0000000086000000, 0x0000000086100000|  0%| F|  |TAMS 0x0000000086000000, 0x0000000086000000| Untracked 
|  97|0x0000000086100000, 0x0000000086100000, 0x0000000086200000|  0%| F|  |TAMS 0x0000000086100000, 0x0000000086100000| Untracked 
|  98|0x0000000086200000, 0x0000000086200000, 0x0000000086300000|  0%| F|  |TAMS 0x0000000086200000, 0x0000000086200000| Untracked 
|  99|0x0000000086300000, 0x0000000086300000, 0x0000000086400000|  0%| F|  |TAMS 0x0000000086300000, 0x0000000086300000| Untracked 
| 100|0x0000000086400000, 0x0000000086400000, 0x0000000086500000|  0%| F|  |TAMS 0x0000000086400000, 0x0000000086400000| Untracked 
| 101|0x0000000086500000, 0x0000000086500000, 0x0000000086600000|  0%| F|  |TAMS 0x0000000086500000, 0x0000000086500000| Untracked 
| 102|0x0000000086600000, 0x0000000086600000, 0x0000000086700000|  0%| F|  |TAMS 0x0000000086600000, 0x0000000086600000| Untracked 
| 103|0x0000000086700000, 0x0000000086700000, 0x0000000086800000|  0%| F|  |TAMS 0x0000000086700000, 0x0000000086700000| Untracked 
| 104|0x0000000086800000, 0x00000000868cf6c0, 0x0000000086900000| 81%| S|CS|TAMS 0x0000000086800000, 0x0000000086800000| Complete 
| 105|0x0000000086900000, 0x0000000086a00000, 0x0000000086a00000|100%| S|CS|TAMS 0x0000000086900000, 0x0000000086900000| Complete 
| 106|0x0000000086a00000, 0x0000000086b00000, 0x0000000086b00000|100%| S|CS|TAMS 0x0000000086a00000, 0x0000000086a00000| Complete 
| 107|0x0000000086b00000, 0x0000000086c00000, 0x0000000086c00000|100%| S|CS|TAMS 0x0000000086b00000, 0x0000000086b00000| Complete 
| 108|0x0000000086c00000, 0x0000000086d00000, 0x0000000086d00000|100%| S|CS|TAMS 0x0000000086c00000, 0x0000000086c00000| Complete 
| 109|0x0000000086d00000, 0x0000000086e00000, 0x0000000086e00000|100%| S|CS|TAMS 0x0000000086d00000, 0x0000000086d00000| Complete 
| 110|0x0000000086e00000, 0x0000000086f00000, 0x0000000086f00000|100%| S|CS|TAMS 0x0000000086e00000, 0x0000000086e00000| Complete 
| 111|0x0000000086f00000, 0x0000000087000000, 0x0000000087000000|100%| S|CS|TAMS 0x0000000086f00000, 0x0000000086f00000| Complete 
| 112|0x0000000087000000, 0x0000000087100000, 0x0000000087100000|100%| S|CS|TAMS 0x0000000087000000, 0x0000000087000000| Complete 
| 113|0x0000000087100000, 0x0000000087100000, 0x0000000087200000|  0%| F|  |TAMS 0x0000000087100000, 0x0000000087100000| Untracked 
| 114|0x0000000087200000, 0x0000000087200000, 0x0000000087300000|  0%| F|  |TAMS 0x0000000087200000, 0x0000000087200000| Untracked 
| 115|0x0000000087300000, 0x0000000087300000, 0x0000000087400000|  0%| F|  |TAMS 0x0000000087300000, 0x0000000087300000| Untracked 
| 116|0x0000000087400000, 0x0000000087400000, 0x0000000087500000|  0%| F|  |TAMS 0x0000000087400000, 0x0000000087400000| Untracked 
| 117|0x0000000087500000, 0x0000000087500000, 0x0000000087600000|  0%| F|  |TAMS 0x0000000087500000, 0x0000000087500000| Untracked 
| 118|0x0000000087600000, 0x0000000087600000, 0x0000000087700000|  0%| F|  |TAMS 0x0000000087600000, 0x0000000087600000| Untracked 
| 119|0x0000000087700000, 0x0000000087700000, 0x0000000087800000|  0%| F|  |TAMS 0x0000000087700000, 0x0000000087700000| Untracked 
| 120|0x0000000087800000, 0x0000000087800000, 0x0000000087900000|  0%| F|  |TAMS 0x0000000087800000, 0x0000000087800000| Untracked 
| 121|0x0000000087900000, 0x0000000087900000, 0x0000000087a00000|  0%| F|  |TAMS 0x0000000087900000, 0x0000000087900000| Untracked 
| 122|0x0000000087a00000, 0x0000000087a00000, 0x0000000087b00000|  0%| F|  |TAMS 0x0000000087a00000, 0x0000000087a00000| Untracked 
| 123|0x0000000087b00000, 0x0000000087b00000, 0x0000000087c00000|  0%| F|  |TAMS 0x0000000087b00000, 0x0000000087b00000| Untracked 
| 124|0x0000000087c00000, 0x0000000087c00000, 0x0000000087d00000|  0%| F|  |TAMS 0x0000000087c00000, 0x0000000087c00000| Untracked 
| 125|0x0000000087d00000, 0x0000000087d00000, 0x0000000087e00000|  0%| F|  |TAMS 0x0000000087d00000, 0x0000000087d00000| Untracked 
| 126|0x0000000087e00000, 0x0000000087e00000, 0x0000000087f00000|  0%| F|  |TAMS 0x0000000087e00000, 0x0000000087e00000| Untracked 
| 127|0x0000000087f00000, 0x0000000087f00000, 0x0000000088000000|  0%| F|  |TAMS 0x0000000087f00000, 0x0000000087f00000| Untracked 
| 128|0x0000000088000000, 0x0000000088000000, 0x0000000088100000|  0%| F|  |TAMS 0x0000000088000000, 0x0000000088000000| Untracked 
| 129|0x0000000088100000, 0x0000000088100000, 0x0000000088200000|  0%| F|  |TAMS 0x0000000088100000, 0x0000000088100000| Untracked 
| 130|0x0000000088200000, 0x0000000088200000, 0x0000000088300000|  0%| F|  |TAMS 0x0000000088200000, 0x0000000088200000| Untracked 
| 131|0x0000000088300000, 0x0000000088300000, 0x0000000088400000|  0%| F|  |TAMS 0x0000000088300000, 0x0000000088300000| Untracked 
| 132|0x0000000088400000, 0x0000000088400000, 0x0000000088500000|  0%| F|  |TAMS 0x0000000088400000, 0x0000000088400000| Untracked 
| 133|0x0000000088500000, 0x0000000088500000, 0x0000000088600000|  0%| F|  |TAMS 0x0000000088500000, 0x0000000088500000| Untracked 
| 134|0x0000000088600000, 0x0000000088600000, 0x0000000088700000|  0%| F|  |TAMS 0x0000000088600000, 0x0000000088600000| Untracked 
| 135|0x0000000088700000, 0x0000000088700000, 0x0000000088800000|  0%| F|  |TAMS 0x0000000088700000, 0x0000000088700000| Untracked 
| 136|0x0000000088800000, 0x0000000088800000, 0x0000000088900000|  0%| F|  |TAMS 0x0000000088800000, 0x0000000088800000| Untracked 
| 137|0x0000000088900000, 0x0000000088900000, 0x0000000088a00000|  0%| F|  |TAMS 0x0000000088900000, 0x0000000088900000| Untracked 
| 138|0x0000000088a00000, 0x0000000088a00000, 0x0000000088b00000|  0%| F|  |TAMS 0x0000000088a00000, 0x0000000088a00000| Untracked 
| 139|0x0000000088b00000, 0x0000000088b00000, 0x0000000088c00000|  0%| F|  |TAMS 0x0000000088b00000, 0x0000000088b00000| Untracked 
| 140|0x0000000088c00000, 0x0000000088c00000, 0x0000000088d00000|  0%| F|  |TAMS 0x0000000088c00000, 0x0000000088c00000| Untracked 
| 141|0x0000000088d00000, 0x0000000088d00000, 0x0000000088e00000|  0%| F|  |TAMS 0x0000000088d00000, 0x0000000088d00000| Untracked 
| 142|0x0000000088e00000, 0x0000000088e00000, 0x0000000088f00000|  0%| F|  |TAMS 0x0000000088e00000, 0x0000000088e00000| Untracked 
| 143|0x0000000088f00000, 0x0000000088f00000, 0x0000000089000000|  0%| F|  |TAMS 0x0000000088f00000, 0x0000000088f00000| Untracked 
| 144|0x0000000089000000, 0x0000000089000000, 0x0000000089100000|  0%| F|  |TAMS 0x0000000089000000, 0x0000000089000000| Untracked 
| 145|0x0000000089100000, 0x0000000089100000, 0x0000000089200000|  0%| F|  |TAMS 0x0000000089100000, 0x0000000089100000| Untracked 
| 146|0x0000000089200000, 0x0000000089200000, 0x0000000089300000|  0%| F|  |TAMS 0x0000000089200000, 0x0000000089200000| Untracked 
| 147|0x0000000089300000, 0x0000000089300000, 0x0000000089400000|  0%| F|  |TAMS 0x0000000089300000, 0x0000000089300000| Untracked 
| 148|0x0000000089400000, 0x0000000089400000, 0x0000000089500000|  0%| F|  |TAMS 0x0000000089400000, 0x0000000089400000| Untracked 
| 149|0x0000000089500000, 0x0000000089500000, 0x0000000089600000|  0%| F|  |TAMS 0x0000000089500000, 0x0000000089500000| Untracked 
| 150|0x0000000089600000, 0x0000000089600000, 0x0000000089700000|  0%| F|  |TAMS 0x0000000089600000, 0x0000000089600000| Untracked 
| 151|0x0000000089700000, 0x0000000089700000, 0x0000000089800000|  0%| F|  |TAMS 0x0000000089700000, 0x0000000089700000| Untracked 
| 152|0x0000000089800000, 0x0000000089800000, 0x0000000089900000|  0%| F|  |TAMS 0x0000000089800000, 0x0000000089800000| Untracked 
| 153|0x0000000089900000, 0x0000000089900000, 0x0000000089a00000|  0%| F|  |TAMS 0x0000000089900000, 0x0000000089900000| Untracked 
| 154|0x0000000089a00000, 0x0000000089a00000, 0x0000000089b00000|  0%| F|  |TAMS 0x0000000089a00000, 0x0000000089a00000| Untracked 
| 155|0x0000000089b00000, 0x0000000089b00000, 0x0000000089c00000|  0%| F|  |TAMS 0x0000000089b00000, 0x0000000089b00000| Untracked 
| 156|0x0000000089c00000, 0x0000000089c00000, 0x0000000089d00000|  0%| F|  |TAMS 0x0000000089c00000, 0x0000000089c00000| Untracked 
| 157|0x0000000089d00000, 0x0000000089d00000, 0x0000000089e00000|  0%| F|  |TAMS 0x0000000089d00000, 0x0000000089d00000| Untracked 
| 158|0x0000000089e00000, 0x0000000089e00000, 0x0000000089f00000|  0%| F|  |TAMS 0x0000000089e00000, 0x0000000089e00000| Untracked 
| 159|0x0000000089f00000, 0x0000000089f00000, 0x000000008a000000|  0%| F|  |TAMS 0x0000000089f00000, 0x0000000089f00000| Untracked 
| 160|0x000000008a000000, 0x000000008a000000, 0x000000008a100000|  0%| F|  |TAMS 0x000000008a000000, 0x000000008a000000| Untracked 
| 161|0x000000008a100000, 0x000000008a100000, 0x000000008a200000|  0%| F|  |TAMS 0x000000008a100000, 0x000000008a100000| Untracked 
| 162|0x000000008a200000, 0x000000008a200000, 0x000000008a300000|  0%| F|  |TAMS 0x000000008a200000, 0x000000008a200000| Untracked 
| 163|0x000000008a300000, 0x000000008a300000, 0x000000008a400000|  0%| F|  |TAMS 0x000000008a300000, 0x000000008a300000| Untracked 
| 164|0x000000008a400000, 0x000000008a400000, 0x000000008a500000|  0%| F|  |TAMS 0x000000008a400000, 0x000000008a400000| Untracked 
| 165|0x000000008a500000, 0x000000008a500000, 0x000000008a600000|  0%| F|  |TAMS 0x000000008a500000, 0x000000008a500000| Untracked 
| 166|0x000000008a600000, 0x000000008a600000, 0x000000008a700000|  0%| F|  |TAMS 0x000000008a600000, 0x000000008a600000| Untracked 
| 167|0x000000008a700000, 0x000000008a700000, 0x000000008a800000|  0%| F|  |TAMS 0x000000008a700000, 0x000000008a700000| Untracked 
| 168|0x000000008a800000, 0x000000008a800000, 0x000000008a900000|  0%| F|  |TAMS 0x000000008a800000, 0x000000008a800000| Untracked 
| 169|0x000000008a900000, 0x000000008a900000, 0x000000008aa00000|  0%| F|  |TAMS 0x000000008a900000, 0x000000008a900000| Untracked 
| 170|0x000000008aa00000, 0x000000008aa00000, 0x000000008ab00000|  0%| F|  |TAMS 0x000000008aa00000, 0x000000008aa00000| Untracked 
| 171|0x000000008ab00000, 0x000000008ab00000, 0x000000008ac00000|  0%| F|  |TAMS 0x000000008ab00000, 0x000000008ab00000| Untracked 
| 172|0x000000008ac00000, 0x000000008ac00000, 0x000000008ad00000|  0%| F|  |TAMS 0x000000008ac00000, 0x000000008ac00000| Untracked 
| 173|0x000000008ad00000, 0x000000008ad00000, 0x000000008ae00000|  0%| F|  |TAMS 0x000000008ad00000, 0x000000008ad00000| Untracked 
| 174|0x000000008ae00000, 0x000000008ae00000, 0x000000008af00000|  0%| F|  |TAMS 0x000000008ae00000, 0x000000008ae00000| Untracked 
| 175|0x000000008af00000, 0x000000008af00000, 0x000000008b000000|  0%| F|  |TAMS 0x000000008af00000, 0x000000008af00000| Untracked 
| 176|0x000000008b000000, 0x000000008b000000, 0x000000008b100000|  0%| F|  |TAMS 0x000000008b000000, 0x000000008b000000| Untracked 
| 177|0x000000008b100000, 0x000000008b100000, 0x000000008b200000|  0%| F|  |TAMS 0x000000008b100000, 0x000000008b100000| Untracked 
| 178|0x000000008b200000, 0x000000008b200000, 0x000000008b300000|  0%| F|  |TAMS 0x000000008b200000, 0x000000008b200000| Untracked 
| 179|0x000000008b300000, 0x000000008b300000, 0x000000008b400000|  0%| F|  |TAMS 0x000000008b300000, 0x000000008b300000| Untracked 
| 180|0x000000008b400000, 0x000000008b400000, 0x000000008b500000|  0%| F|  |TAMS 0x000000008b400000, 0x000000008b400000| Untracked 
| 181|0x000000008b500000, 0x000000008b500000, 0x000000008b600000|  0%| F|  |TAMS 0x000000008b500000, 0x000000008b500000| Untracked 
| 182|0x000000008b600000, 0x000000008b600000, 0x000000008b700000|  0%| F|  |TAMS 0x000000008b600000, 0x000000008b600000| Untracked 
| 183|0x000000008b700000, 0x000000008b700000, 0x000000008b800000|  0%| F|  |TAMS 0x000000008b700000, 0x000000008b700000| Untracked 
| 184|0x000000008b800000, 0x000000008b800000, 0x000000008b900000|  0%| F|  |TAMS 0x000000008b800000, 0x000000008b800000| Untracked 
| 185|0x000000008b900000, 0x000000008b900000, 0x000000008ba00000|  0%| F|  |TAMS 0x000000008b900000, 0x000000008b900000| Untracked 
| 186|0x000000008ba00000, 0x000000008ba00000, 0x000000008bb00000|  0%| F|  |TAMS 0x000000008ba00000, 0x000000008ba00000| Untracked 
| 187|0x000000008bb00000, 0x000000008bb00000, 0x000000008bc00000|  0%| F|  |TAMS 0x000000008bb00000, 0x000000008bb00000| Untracked 
| 188|0x000000008bc00000, 0x000000008bc00000, 0x000000008bd00000|  0%| F|  |TAMS 0x000000008bc00000, 0x000000008bc00000| Untracked 
| 189|0x000000008bd00000, 0x000000008be00000, 0x000000008be00000|100%| E|  |TAMS 0x000000008bd00000, 0x000000008bd00000| Complete 
| 190|0x000000008be00000, 0x000000008bf00000, 0x000000008bf00000|100%| E|CS|TAMS 0x000000008be00000, 0x000000008be00000| Complete 
| 191|0x000000008bf00000, 0x000000008c000000, 0x000000008c000000|100%| E|CS|TAMS 0x000000008bf00000, 0x000000008bf00000| Complete 
| 192|0x000000008c000000, 0x000000008c100000, 0x000000008c100000|100%| E|CS|TAMS 0x000000008c000000, 0x000000008c000000| Complete 
| 193|0x000000008c100000, 0x000000008c200000, 0x000000008c200000|100%| E|CS|TAMS 0x000000008c100000, 0x000000008c100000| Complete 
| 194|0x000000008c200000, 0x000000008c300000, 0x000000008c300000|100%| E|CS|TAMS 0x000000008c200000, 0x000000008c200000| Complete 
| 195|0x000000008c300000, 0x000000008c400000, 0x000000008c400000|100%| E|CS|TAMS 0x000000008c300000, 0x000000008c300000| Complete 
| 196|0x000000008c400000, 0x000000008c500000, 0x000000008c500000|100%| E|CS|TAMS 0x000000008c400000, 0x000000008c400000| Complete 
| 197|0x000000008c500000, 0x000000008c600000, 0x000000008c600000|100%| E|CS|TAMS 0x000000008c500000, 0x000000008c500000| Complete 
| 198|0x000000008c600000, 0x000000008c700000, 0x000000008c700000|100%| E|CS|TAMS 0x000000008c600000, 0x000000008c600000| Complete 
| 199|0x000000008c700000, 0x000000008c800000, 0x000000008c800000|100%| E|CS|TAMS 0x000000008c700000, 0x000000008c700000| Complete 
| 200|0x000000008c800000, 0x000000008c900000, 0x000000008c900000|100%| E|CS|TAMS 0x000000008c800000, 0x000000008c800000| Complete 
| 201|0x000000008c900000, 0x000000008ca00000, 0x000000008ca00000|100%| E|CS|TAMS 0x000000008c900000, 0x000000008c900000| Complete 
| 202|0x000000008ca00000, 0x000000008cb00000, 0x000000008cb00000|100%| E|CS|TAMS 0x000000008ca00000, 0x000000008ca00000| Complete 
| 203|0x000000008cb00000, 0x000000008cc00000, 0x000000008cc00000|100%| E|CS|TAMS 0x000000008cb00000, 0x000000008cb00000| Complete 
| 204|0x000000008cc00000, 0x000000008cd00000, 0x000000008cd00000|100%| E|CS|TAMS 0x000000008cc00000, 0x000000008cc00000| Complete 
| 205|0x000000008cd00000, 0x000000008ce00000, 0x000000008ce00000|100%| E|CS|TAMS 0x000000008cd00000, 0x000000008cd00000| Complete 
| 206|0x000000008ce00000, 0x000000008cf00000, 0x000000008cf00000|100%| E|CS|TAMS 0x000000008ce00000, 0x000000008ce00000| Complete 
| 207|0x000000008cf00000, 0x000000008d000000, 0x000000008d000000|100%| E|CS|TAMS 0x000000008cf00000, 0x000000008cf00000| Complete 
| 208|0x000000008d000000, 0x000000008d100000, 0x000000008d100000|100%| E|CS|TAMS 0x000000008d000000, 0x000000008d000000| Complete 
| 209|0x000000008d100000, 0x000000008d200000, 0x000000008d200000|100%| E|CS|TAMS 0x000000008d100000, 0x000000008d100000| Complete 
| 210|0x000000008d200000, 0x000000008d300000, 0x000000008d300000|100%| E|CS|TAMS 0x000000008d200000, 0x000000008d200000| Complete 
| 211|0x000000008d300000, 0x000000008d400000, 0x000000008d400000|100%| E|CS|TAMS 0x000000008d300000, 0x000000008d300000| Complete 
| 212|0x000000008d400000, 0x000000008d500000, 0x000000008d500000|100%| E|CS|TAMS 0x000000008d400000, 0x000000008d400000| Complete 
| 213|0x000000008d500000, 0x000000008d600000, 0x000000008d600000|100%| E|CS|TAMS 0x000000008d500000, 0x000000008d500000| Complete 
| 214|0x000000008d600000, 0x000000008d700000, 0x000000008d700000|100%| E|CS|TAMS 0x000000008d600000, 0x000000008d600000| Complete 
| 215|0x000000008d700000, 0x000000008d800000, 0x000000008d800000|100%| E|CS|TAMS 0x000000008d700000, 0x000000008d700000| Complete 
| 216|0x000000008d800000, 0x000000008d900000, 0x000000008d900000|100%| E|CS|TAMS 0x000000008d800000, 0x000000008d800000| Complete 
| 217|0x000000008d900000, 0x000000008da00000, 0x000000008da00000|100%| E|CS|TAMS 0x000000008d900000, 0x000000008d900000| Complete 
| 218|0x000000008da00000, 0x000000008db00000, 0x000000008db00000|100%| E|CS|TAMS 0x000000008da00000, 0x000000008da00000| Complete 
| 219|0x000000008db00000, 0x000000008dc00000, 0x000000008dc00000|100%| E|CS|TAMS 0x000000008db00000, 0x000000008db00000| Complete 
| 220|0x000000008dc00000, 0x000000008dd00000, 0x000000008dd00000|100%| E|CS|TAMS 0x000000008dc00000, 0x000000008dc00000| Complete 
| 221|0x000000008dd00000, 0x000000008de00000, 0x000000008de00000|100%| E|CS|TAMS 0x000000008dd00000, 0x000000008dd00000| Complete 
| 222|0x000000008de00000, 0x000000008df00000, 0x000000008df00000|100%| E|CS|TAMS 0x000000008de00000, 0x000000008de00000| Complete 
| 223|0x000000008df00000, 0x000000008e000000, 0x000000008e000000|100%| E|CS|TAMS 0x000000008df00000, 0x000000008df00000| Complete 
| 224|0x000000008e000000, 0x000000008e100000, 0x000000008e100000|100%| E|CS|TAMS 0x000000008e000000, 0x000000008e000000| Complete 
| 225|0x000000008e100000, 0x000000008e200000, 0x000000008e200000|100%| E|CS|TAMS 0x000000008e100000, 0x000000008e100000| Complete 
| 226|0x000000008e200000, 0x000000008e300000, 0x000000008e300000|100%| E|CS|TAMS 0x000000008e200000, 0x000000008e200000| Complete 
| 227|0x000000008e300000, 0x000000008e400000, 0x000000008e400000|100%| E|CS|TAMS 0x000000008e300000, 0x000000008e300000| Complete 
| 228|0x000000008e400000, 0x000000008e500000, 0x000000008e500000|100%| E|CS|TAMS 0x000000008e400000, 0x000000008e400000| Complete 
| 229|0x000000008e500000, 0x000000008e600000, 0x000000008e600000|100%| E|CS|TAMS 0x000000008e500000, 0x000000008e500000| Complete 
| 230|0x000000008e600000, 0x000000008e700000, 0x000000008e700000|100%| E|CS|TAMS 0x000000008e600000, 0x000000008e600000| Complete 
| 231|0x000000008e700000, 0x000000008e800000, 0x000000008e800000|100%| E|CS|TAMS 0x000000008e700000, 0x000000008e700000| Complete 
| 232|0x000000008e800000, 0x000000008e900000, 0x000000008e900000|100%| E|CS|TAMS 0x000000008e800000, 0x000000008e800000| Complete 
| 233|0x000000008e900000, 0x000000008ea00000, 0x000000008ea00000|100%| E|CS|TAMS 0x000000008e900000, 0x000000008e900000| Complete 
| 234|0x000000008ea00000, 0x000000008eb00000, 0x000000008eb00000|100%| E|CS|TAMS 0x000000008ea00000, 0x000000008ea00000| Complete 
| 235|0x000000008eb00000, 0x000000008ec00000, 0x000000008ec00000|100%| E|CS|TAMS 0x000000008eb00000, 0x000000008eb00000| Complete 
| 236|0x000000008ec00000, 0x000000008ed00000, 0x000000008ed00000|100%| E|CS|TAMS 0x000000008ec00000, 0x000000008ec00000| Complete 
| 237|0x000000008ed00000, 0x000000008ee00000, 0x000000008ee00000|100%| E|CS|TAMS 0x000000008ed00000, 0x000000008ed00000| Complete 
| 238|0x000000008ee00000, 0x000000008ef00000, 0x000000008ef00000|100%| E|CS|TAMS 0x000000008ee00000, 0x000000008ee00000| Complete 
| 239|0x000000008ef00000, 0x000000008f000000, 0x000000008f000000|100%| E|CS|TAMS 0x000000008ef00000, 0x000000008ef00000| Complete 
| 240|0x000000008f000000, 0x000000008f100000, 0x000000008f100000|100%| E|CS|TAMS 0x000000008f000000, 0x000000008f000000| Complete 
| 241|0x000000008f100000, 0x000000008f200000, 0x000000008f200000|100%| E|CS|TAMS 0x000000008f100000, 0x000000008f100000| Complete 
| 242|0x000000008f200000, 0x000000008f300000, 0x000000008f300000|100%| E|CS|TAMS 0x000000008f200000, 0x000000008f200000| Complete 
| 243|0x000000008f300000, 0x000000008f400000, 0x000000008f400000|100%| E|CS|TAMS 0x000000008f300000, 0x000000008f300000| Complete 
| 244|0x000000008f400000, 0x000000008f500000, 0x000000008f500000|100%| E|CS|TAMS 0x000000008f400000, 0x000000008f400000| Complete 
| 245|0x000000008f500000, 0x000000008f600000, 0x000000008f600000|100%| E|CS|TAMS 0x000000008f500000, 0x000000008f500000| Complete 
| 246|0x000000008f600000, 0x000000008f700000, 0x000000008f700000|100%| E|CS|TAMS 0x000000008f600000, 0x000000008f600000| Complete 
| 247|0x000000008f700000, 0x000000008f800000, 0x000000008f800000|100%| E|CS|TAMS 0x000000008f700000, 0x000000008f700000| Complete 
| 248|0x000000008f800000, 0x000000008f900000, 0x000000008f900000|100%| E|CS|TAMS 0x000000008f800000, 0x000000008f800000| Complete 
| 249|0x000000008f900000, 0x000000008fa00000, 0x000000008fa00000|100%| E|CS|TAMS 0x000000008f900000, 0x000000008f900000| Complete 
| 250|0x000000008fa00000, 0x000000008fb00000, 0x000000008fb00000|100%| E|CS|TAMS 0x000000008fa00000, 0x000000008fa00000| Complete 
| 251|0x000000008fb00000, 0x000000008fc00000, 0x000000008fc00000|100%| E|CS|TAMS 0x000000008fb00000, 0x000000008fb00000| Complete 
| 252|0x000000008fc00000, 0x000000008fd00000, 0x000000008fd00000|100%| E|CS|TAMS 0x000000008fc00000, 0x000000008fc00000| Complete 
| 253|0x000000008fd00000, 0x000000008fe00000, 0x000000008fe00000|100%| E|CS|TAMS 0x000000008fd00000, 0x000000008fd00000| Complete 
| 254|0x000000008fe00000, 0x000000008ff00000, 0x000000008ff00000|100%| E|CS|TAMS 0x000000008fe00000, 0x000000008fe00000| Complete 
| 255|0x000000008ff00000, 0x0000000090000000, 0x0000000090000000|100%| E|CS|TAMS 0x000000008ff00000, 0x000000008ff00000| Complete 

Card table byte_map: [0x00000265d8c90000,0x00000265d9090000] _byte_map_base: 0x00000265d8890000

Marking Bits (Prev, Next): (CMBitMap*) 0x00000265c0e22bb0, (CMBitMap*) 0x00000265c0e22b78
 Prev Bits: [0x00000265db490000, 0x00000265dd490000)
 Next Bits: [0x00000265d9490000, 0x00000265db490000)

Polling page: 0x00000265bef70000

Metaspace:

Usage:
  Non-class:     64.59 MB capacity,    63.40 MB ( 98%) used,   994.09 KB (  2%) free+waste,   221.69 KB ( <1%) overhead. 
      Class:     10.28 MB capacity,     9.45 MB ( 92%) used,   739.41 KB (  7%) free+waste,   106.75 KB (  1%) overhead. 
       Both:     74.87 MB capacity,    72.85 MB ( 97%) used,     1.69 MB (  2%) free+waste,   328.44 KB ( <1%) overhead. 

Virtual space:
  Non-class space:       66.00 MB reserved,      64.83 MB ( 98%) committed 
      Class space:      504.00 MB reserved,      10.38 MB (  2%) committed 
             Both:      570.00 MB reserved,      75.20 MB ( 13%) committed 

Chunk freelists:
   Non-Class:  50.00 KB
       Class:  6.00 KB
        Both:  56.00 KB

MaxMetaspaceSize: 512.00 MB
CompressedClassSpaceSize: 504.00 MB
Initial GC threshold: 20.80 MB
Current GC threshold: 98.46 MB
CDS: off

CodeHeap 'non-profiled nmethods': size=120000Kb used=4359Kb max_used=4359Kb free=115640Kb
 bounds [0x00000265d1030000, 0x00000265d1480000, 0x00000265d8560000]
CodeHeap 'profiled nmethods': size=120000Kb used=14403Kb max_used=14403Kb free=105596Kb
 bounds [0x00000265c9b00000, 0x00000265ca920000, 0x00000265d1030000]
CodeHeap 'non-nmethods': size=5760Kb used=2376Kb max_used=2420Kb free=3384Kb
 bounds [0x00000265c9560000, 0x00000265c97d0000, 0x00000265c9b00000]
 total_blobs=7649 nmethods=6751 adapters=810
 compilation: enabled
              stopped_count=0, restarted_count=0
 full_count=0

Compilation events (20 events):
Event: 25.697 Thread 0x00000265dff19000 6666       3       org.gradle.api.internal.DefaultDomainObjectCollection$IteratorImpl::<init> (15 bytes)
Event: 25.698 Thread 0x00000265dff19000 nmethod 6666 0x00000265ca8dbf10 code [0x00000265ca8dc0c0, 0x00000265ca8dc2d8]
Event: 25.698 Thread 0x00000265dff19000 6667       1       org.gradle.api.internal.provider.AbstractMinimalProvider::getDeclaredDisplayName (2 bytes)
Event: 25.698 Thread 0x00000265dff19000 nmethod 6667 0x00000265d146a410 code [0x00000265d146a5c0, 0x00000265d146a678]
Event: 25.718 Thread 0x00000265e3fbf800 nmethod 6664 0x00000265d146a710 code [0x00000265d146a940, 0x00000265d146b558]
Event: 25.718 Thread 0x00000265e3fbf800 6665       4       org.gradle.internal.reflect.ClassInspector::inspectClass (179 bytes)
Event: 25.720 Thread 0x00000265dff19000 6668       3       org.objectweb.asm.Frame::execute (2318 bytes)
Event: 25.728 Thread 0x00000265dff19000 nmethod 6668 0x00000265ca8dc390 code [0x00000265ca8dd100, 0x00000265ca8e3838]
Event: 25.728 Thread 0x00000265dff19000 6670       3       org.objectweb.asm.Type::getArgumentsAndReturnSizes (140 bytes)
Event: 25.732 Thread 0x00000265dff19000 nmethod 6670 0x00000265ca8e5510 code [0x00000265ca8e5920, 0x00000265ca8e78b8]
Event: 25.732 Thread 0x00000265dff19000 6669       3       org.objectweb.asm.Frame::getAbstractTypeFromDescriptor (415 bytes)
Event: 25.735 Thread 0x00000265dff19000 nmethod 6669 0x00000265ca8e8490 code [0x00000265ca8e8840, 0x00000265ca8ea3d8]
Event: 25.735 Thread 0x00000265dff19000 6674       3       org.gradle.internal.instantiation.generator.AsmBackedClassGenerator$ClassBuilderImpl::access$2700 (4 bytes)
Event: 25.735 Thread 0x00000265dff19000 nmethod 6674 0x00000265ca8ead10 code [0x00000265ca8eaec0, 0x00000265ca8eafb8]
Event: 25.735 Thread 0x00000265dff19000 6675       3       java.lang.invoke.LambdaForm$MH/0x00000001002f4440::linkToTargetMethod (17 bytes)
Event: 25.735 Thread 0x00000265dff19000 nmethod 6675 0x00000265ca8eb090 code [0x00000265ca8eb260, 0x00000265ca8eb698]
Event: 25.738 Thread 0x00000265dff19000 6676       3       org.gradle.model.internal.asm.MethodVisitorScope::_NEW (12 bytes)
Event: 25.739 Thread 0x00000265dff19000 nmethod 6676 0x00000265ca8eb790 code [0x00000265ca8eb980, 0x00000265ca8ebcb8]
Event: 25.739 Thread 0x00000265dff19000 6677       3       org.objectweb.asm.SymbolTable::hash (12 bytes)
Event: 25.739 Thread 0x00000265dff19000 nmethod 6677 0x00000265ca8ebe10 code [0x00000265ca8ebfc0, 0x00000265ca8ec0e8]

GC Heap History (20 events):
Event: 0.985 GC heap before
{Heap before GC invocations=0 (full 0):
 garbage-first heap   total 262144K, used 27648K [0x0000000080000000, 0x0000000100000000)
  region size 1024K, 24 young (24576K), 0 survivors (0K)
 Metaspace       used 10056K, capacity 10336K, committed 10624K, reserved 526336K
  class space    used 1018K, capacity 1105K, committed 1152K, reserved 516096K
}
Event: 0.990 GC heap after
{Heap after GC invocations=1 (full 0):
 garbage-first heap   total 262144K, used 10696K [0x0000000080000000, 0x0000000100000000)
  region size 1024K, 3 young (3072K), 3 survivors (3072K)
 Metaspace       used 10056K, capacity 10336K, committed 10624K, reserved 526336K
  class space    used 1018K, capacity 1105K, committed 1152K, reserved 516096K
}
Event: 1.706 GC heap before
{Heap before GC invocations=1 (full 0):
 garbage-first heap   total 262144K, used 39368K [0x0000000080000000, 0x0000000100000000)
  region size 1024K, 31 young (31744K), 3 survivors (3072K)
 Metaspace       used 11275K, capacity 11579K, committed 11776K, reserved 528384K
  class space    used 1149K, capacity 1242K, committed 1280K, reserved 516096K
}
Event: 1.710 GC heap after
{Heap after GC invocations=2 (full 0):
 garbage-first heap   total 262144K, used 11937K [0x0000000080000000, 0x0000000100000000)
  region size 1024K, 2 young (2048K), 2 survivors (2048K)
 Metaspace       used 11275K, capacity 11579K, committed 11776K, reserved 528384K
  class space    used 1149K, capacity 1242K, committed 1280K, reserved 516096K
}
Event: 3.366 GC heap before
{Heap before GC invocations=2 (full 0):
 garbage-first heap   total 262144K, used 56993K [0x0000000080000000, 0x0000000100000000)
  region size 1024K, 45 young (46080K), 2 survivors (2048K)
 Metaspace       used 18438K, capacity 18852K, committed 18944K, reserved 534528K
  class space    used 2112K, capacity 2243K, committed 2304K, reserved 516096K
}
Event: 3.371 GC heap after
{Heap after GC invocations=3 (full 0):
 garbage-first heap   total 262144K, used 18013K [0x0000000080000000, 0x0000000100000000)
  region size 1024K, 6 young (6144K), 6 survivors (6144K)
 Metaspace       used 18438K, capacity 18852K, committed 18944K, reserved 534528K
  class space    used 2112K, capacity 2243K, committed 2304K, reserved 516096K
}
Event: 3.664 GC heap before
{Heap before GC invocations=3 (full 0):
 garbage-first heap   total 262144K, used 36445K [0x0000000080000000, 0x0000000100000000)
  region size 1024K, 25 young (25600K), 6 survivors (6144K)
 Metaspace       used 20724K, capacity 21143K, committed 21296K, reserved 536576K
  class space    used 2456K, capacity 2610K, committed 2688K, reserved 516096K
}
Event: 3.674 GC heap after
{Heap after GC invocations=4 (full 0):
 garbage-first heap   total 262144K, used 18983K [0x0000000080000000, 0x0000000100000000)
  region size 1024K, 7 young (7168K), 7 survivors (7168K)
 Metaspace       used 20724K, capacity 21143K, committed 21296K, reserved 536576K
  class space    used 2456K, capacity 2610K, committed 2688K, reserved 516096K
}
Event: 4.859 GC heap before
{Heap before GC invocations=5 (full 0):
 garbage-first heap   total 262144K, used 91687K [0x0000000080000000, 0x0000000100000000)
  region size 1024K, 79 young (80896K), 7 survivors (7168K)
 Metaspace       used 27907K, capacity 28643K, committed 28976K, reserved 542720K
  class space    used 3577K, capacity 3842K, committed 3968K, reserved 516096K
}
Event: 4.866 GC heap after
{Heap after GC invocations=6 (full 0):
 garbage-first heap   total 262144K, used 21538K [0x0000000080000000, 0x0000000100000000)
  region size 1024K, 4 young (4096K), 4 survivors (4096K)
 Metaspace       used 27907K, capacity 28643K, committed 28976K, reserved 542720K
  class space    used 3577K, capacity 3842K, committed 3968K, reserved 516096K
}
Event: 6.025 GC heap before
{Heap before GC invocations=6 (full 0):
 garbage-first heap   total 262144K, used 77858K [0x0000000080000000, 0x0000000100000000)
  region size 1024K, 60 young (61440K), 4 survivors (4096K)
 Metaspace       used 34981K, capacity 35787K, committed 35920K, reserved 548864K
  class space    used 4462K, capacity 4780K, committed 4864K, reserved 516096K
}
Event: 6.034 GC heap after
{Heap after GC invocations=7 (full 0):
 garbage-first heap   total 262144K, used 24251K [0x0000000080000000, 0x0000000100000000)
  region size 1024K, 7 young (7168K), 7 survivors (7168K)
 Metaspace       used 34981K, capacity 35787K, committed 35920K, reserved 548864K
  class space    used 4462K, capacity 4780K, committed 4864K, reserved 516096K
}
Event: 18.689 GC heap before
{Heap before GC invocations=8 (full 0):
 garbage-first heap   total 262144K, used 133819K [0x0000000080000000, 0x0000000100000000)
  region size 1024K, 112 young (114688K), 7 survivors (7168K)
 Metaspace       used 43127K, capacity 44241K, committed 44496K, reserved 555008K
  class space    used 5442K, capacity 5921K, committed 6016K, reserved 516096K
}
Event: 18.703 GC heap after
{Heap after GC invocations=9 (full 0):
 garbage-first heap   total 262144K, used 31743K [0x0000000080000000, 0x0000000100000000)
  region size 1024K, 14 young (14336K), 14 survivors (14336K)
 Metaspace       used 43127K, capacity 44241K, committed 44496K, reserved 555008K
  class space    used 5442K, capacity 5921K, committed 6016K, reserved 516096K
}
Event: 21.780 GC heap before
{Heap before GC invocations=9 (full 0):
 garbage-first heap   total 262144K, used 174079K [0x0000000080000000, 0x0000000100000000)
  region size 1024K, 153 young (156672K), 14 survivors (14336K)
 Metaspace       used 58122K, capacity 59526K, committed 59600K, reserved 569344K
  class space    used 7433K, capacity 8024K, committed 8064K, reserved 516096K
}
Event: 21.801 GC heap after
{Heap after GC invocations=10 (full 0):
 garbage-first heap   total 262144K, used 39138K [0x0000000080000000, 0x0000000100000000)
  region size 1024K, 18 young (18432K), 18 survivors (18432K)
 Metaspace       used 58122K, capacity 59526K, committed 59600K, reserved 569344K
  class space    used 7433K, capacity 8024K, committed 8064K, reserved 516096K
}
Event: 22.160 GC heap before
{Heap before GC invocations=10 (full 0):
 garbage-first heap   total 262144K, used 59618K [0x0000000080000000, 0x0000000100000000)
  region size 1024K, 33 young (33792K), 18 survivors (18432K)
 Metaspace       used 58543K, capacity 60125K, committed 60240K, reserved 569344K
  class space    used 7476K, capacity 8138K, committed 8192K, reserved 516096K
}
Event: 22.195 GC heap after
{Heap after GC invocations=11 (full 0):
 garbage-first heap   total 262144K, used 48093K [0x0000000080000000, 0x0000000100000000)
  region size 1024K, 11 young (11264K), 11 survivors (11264K)
 Metaspace       used 58543K, capacity 60125K, committed 60240K, reserved 569344K
  class space    used 7476K, capacity 8138K, committed 8192K, reserved 516096K
}
Event: 24.700 GC heap before
{Heap before GC invocations=12 (full 0):
 garbage-first heap   total 262144K, used 183261K [0x0000000080000000, 0x0000000100000000)
  region size 1024K, 143 young (146432K), 11 survivors (11264K)
 Metaspace       used 70574K, capacity 72407K, committed 72528K, reserved 579584K
  class space    used 9108K, capacity 9865K, committed 9984K, reserved 516096K
}
Event: 24.710 GC heap after
{Heap after GC invocations=13 (full 0):
 garbage-first heap   total 262144K, used 53942K [0x0000000080000000, 0x0000000100000000)
  region size 1024K, 9 young (9216K), 9 survivors (9216K)
 Metaspace       used 70574K, capacity 72407K, committed 72528K, reserved 579584K
  class space    used 9108K, capacity 9865K, committed 9984K, reserved 516096K
}

Deoptimization events (20 events):
Event: 25.571 Thread 0x00000265e10d2000 Uncommon trap: trap_request=0xffffff4d fr.pc=0x00000265d1376c84 relative=0x0000000000000704
Event: 25.571 Thread 0x00000265e10d2000 Uncommon trap: reason=unstable_if action=reinterpret pc=0x00000265d1376c84 method=java.util.HashMap.putVal(ILjava/lang/Object;Ljava/lang/Object;ZZ)Ljava/lang/Object; @ 109 c2
Event: 25.571 Thread 0x00000265e10d2000 DEOPT PACKING pc=0x00000265d1376c84 sp=0x000000d8249f5430
Event: 25.571 Thread 0x00000265e10d2000 DEOPT UNPACKING pc=0x00000265c95aa1af sp=0x000000d8249f5348 mode 2
Event: 25.571 Thread 0x00000265e10d2000 Uncommon trap: trap_request=0xffffff4d fr.pc=0x00000265d119e06c relative=0x000000000000066c
Event: 25.571 Thread 0x00000265e10d2000 Uncommon trap: reason=unstable_if action=reinterpret pc=0x00000265d119e06c method=java.util.HashMap.putVal(ILjava/lang/Object;Ljava/lang/Object;ZZ)Ljava/lang/Object; @ 109 c2
Event: 25.571 Thread 0x00000265e10d2000 DEOPT PACKING pc=0x00000265d119e06c sp=0x000000d8249f5380
Event: 25.571 Thread 0x00000265e10d2000 DEOPT UNPACKING pc=0x00000265c95aa1af sp=0x000000d8249f5338 mode 2
Event: 25.720 Thread 0x00000265e10d2000 Uncommon trap: trap_request=0xffffff4d fr.pc=0x00000265d13a8464 relative=0x00000000000004c4
Event: 25.720 Thread 0x00000265e10d2000 Uncommon trap: reason=unstable_if action=reinterpret pc=0x00000265d13a8464 method=org.objectweb.asm.Type.getArgumentsAndReturnSizes(Ljava/lang/String;)I @ 117 c2
Event: 25.720 Thread 0x00000265e10d2000 DEOPT PACKING pc=0x00000265d13a8464 sp=0x000000d8249f57b0
Event: 25.720 Thread 0x00000265e10d2000 DEOPT UNPACKING pc=0x00000265c95aa1af sp=0x000000d8249f5740 mode 2
Event: 25.720 Thread 0x00000265e10d2000 Uncommon trap: trap_request=0xffffff4d fr.pc=0x00000265d13c5e04 relative=0x0000000000001d44
Event: 25.720 Thread 0x00000265e10d2000 Uncommon trap: reason=unstable_if action=reinterpret pc=0x00000265d13c5e04 method=org.objectweb.asm.Type.getArgumentsAndReturnSizes(Ljava/lang/String;)I @ 117 c2
Event: 25.720 Thread 0x00000265e10d2000 DEOPT PACKING pc=0x00000265d13c5e04 sp=0x000000d8249f5510
Event: 25.720 Thread 0x00000265e10d2000 DEOPT UNPACKING pc=0x00000265c95aa1af sp=0x000000d8249f53d8 mode 2
Event: 25.720 Thread 0x00000265e10d2000 Uncommon trap: trap_request=0xffffff4d fr.pc=0x00000265d138ead4 relative=0x0000000000000694
Event: 25.720 Thread 0x00000265e10d2000 Uncommon trap: reason=unstable_if action=reinterpret pc=0x00000265d138ead4 method=org.objectweb.asm.Frame.getAbstractTypeFromDescriptor(Lorg/objectweb/asm/SymbolTable;Ljava/lang/String;I)I @ 5 c2
Event: 25.720 Thread 0x00000265e10d2000 DEOPT PACKING pc=0x00000265d138ead4 sp=0x000000d8249f53a0
Event: 25.720 Thread 0x00000265e10d2000 DEOPT UNPACKING pc=0x00000265c95aa1af sp=0x000000d8249f5360 mode 2

Classes redefined (0 events):
No events

Internal exceptions (20 events):
Event: 25.384 Thread 0x00000265e10d2000 Exception <a 'java/lang/ClassNotFoundException'{0x000000008de5e9e8}: org/gradle/internal/metaobject/ConfigureDelegateBeanInfo> (0x000000008de5e9e8) thrown at [s\src\hotspot\share\classfile\systemDictionary.cpp, line 230]
Event: 25.385 Thread 0x00000265e10d2000 Exception <a 'java/lang/ClassNotFoundException'{0x000000008de8a890}: org/gradle/internal/metaobject/ConfigureDelegateCustomizer> (0x000000008de8a890) thrown at [s\src\hotspot\share\classfile\systemDictionary.cpp, line 230]
Event: 25.397 Thread 0x00000265e10d2000 Exception <a 'java/lang/ClassNotFoundException'{0x000000008dd02de0}: org/gradle/api/internal/initialization/DefaultScriptHandlerBeanInfo> (0x000000008dd02de0) thrown at [s\src\hotspot\share\classfile\systemDictionary.cpp, line 230]
Event: 25.398 Thread 0x00000265e10d2000 Exception <a 'java/lang/ClassNotFoundException'{0x000000008dd31e70}: org/gradle/api/internal/initialization/DefaultScriptHandlerCustomizer> (0x000000008dd31e70) thrown at [s\src\hotspot\share\classfile\systemDictionary.cpp, line 230]
Event: 25.412 Thread 0x00000265e10d2000 Exception <a 'java/lang/ClassNotFoundException'{0x000000008d985c38}: org/gradle/api/internal/artifacts/dsl/DefaultRepositoryHandler_DecoratedBeanInfo> (0x000000008d985c38) thrown at [s\src\hotspot\share\classfile\systemDictionary.cpp, line 230]
Event: 25.413 Thread 0x00000265e10d2000 Exception <a 'java/lang/ClassNotFoundException'{0x000000008d9c8a18}: org/gradle/api/internal/artifacts/dsl/DefaultRepositoryHandlerBeanInfo> (0x000000008d9c8a18) thrown at [s\src\hotspot\share\classfile\systemDictionary.cpp, line 230]
Event: 25.414 Thread 0x00000265e10d2000 Exception <a 'java/lang/ClassNotFoundException'{0x000000008d80eb40}: org/gradle/api/internal/artifacts/DefaultArtifactRepositoryContainerBeanInfo> (0x000000008d80eb40) thrown at [s\src\hotspot\share\classfile\systemDictionary.cpp, line 230]
Event: 25.415 Thread 0x00000265e10d2000 Exception <a 'java/lang/ClassNotFoundException'{0x000000008d83eb28}: org/gradle/api/internal/DefaultNamedDomainObjectListBeanInfo> (0x000000008d83eb28) thrown at [s\src\hotspot\share\classfile\systemDictionary.cpp, line 230]
Event: 25.416 Thread 0x00000265e10d2000 Exception <a 'java/lang/ClassNotFoundException'{0x000000008d8703b0}: org/gradle/api/internal/DefaultNamedDomainObjectCollectionBeanInfo> (0x000000008d8703b0) thrown at [s\src\hotspot\share\classfile\systemDictionary.cpp, line 230]
Event: 25.416 Thread 0x00000265e10d2000 Exception <a 'java/lang/ClassNotFoundException'{0x000000008d8a09e0}: org/gradle/api/internal/DefaultDomainObjectCollectionBeanInfo> (0x000000008d8a09e0) thrown at [s\src\hotspot\share\classfile\systemDictionary.cpp, line 230]
Event: 25.417 Thread 0x00000265e10d2000 Exception <a 'java/lang/ClassNotFoundException'{0x000000008d8d1418}: org/gradle/api/internal/DefaultDomainObjectCollectionCustomizer> (0x000000008d8d1418) thrown at [s\src\hotspot\share\classfile\systemDictionary.cpp, line 230]
Event: 25.420 Thread 0x00000265e10d2000 Exception <a 'java/lang/ClassNotFoundException'{0x000000008d720400}: org/gradle/api/internal/DefaultNamedDomainObjectCollectionCustomizer> (0x000000008d720400) thrown at [s\src\hotspot\share\classfile\systemDictionary.cpp, line 230]
Event: 25.423 Thread 0x00000265e10d2000 Exception <a 'java/lang/ClassNotFoundException'{0x000000008d776210}: org/gradle/api/internal/DefaultNamedDomainObjectListCustomizer> (0x000000008d776210) thrown at [s\src\hotspot\share\classfile\systemDictionary.cpp, line 230]
Event: 25.426 Thread 0x00000265e10d2000 Exception <a 'java/lang/ClassNotFoundException'{0x000000008d7d5ab8}: org/gradle/api/internal/artifacts/DefaultArtifactRepositoryContainerCustomizer> (0x000000008d7d5ab8) thrown at [s\src\hotspot\share\classfile\systemDictionary.cpp, line 230]
Event: 25.428 Thread 0x00000265e10d2000 Exception <a 'java/lang/ClassNotFoundException'{0x000000008d629c60}: org/gradle/api/internal/artifacts/dsl/DefaultRepositoryHandlerCustomizer> (0x000000008d629c60) thrown at [s\src\hotspot\share\classfile\systemDictionary.cpp, line 230]
Event: 25.430 Thread 0x00000265e10d2000 Exception <a 'java/lang/ClassNotFoundException'{0x000000008d690878}: org/gradle/api/internal/artifacts/dsl/DefaultRepositoryHandler_DecoratedCustomizer> (0x000000008d690878) thrown at [s\src\hotspot\share\classfile\systemDictionary.cpp, line 230]
Event: 25.442 Thread 0x00000265e10d2000 Exception <a 'java/lang/ClassNotFoundException'{0x000000008d569900}: org/gradle/api/internal/artifacts/dsl/dependencies/DefaultDependencyHandler_DecoratedBeanInfo> (0x000000008d569900) thrown at [s\src\hotspot\share\classfile\systemDictionary.cpp, line 230]
Event: 25.444 Thread 0x00000265e10d2000 Exception <a 'java/lang/ClassNotFoundException'{0x000000008d5b1d10}: org/gradle/api/internal/artifacts/dsl/dependencies/DefaultDependencyHandlerBeanInfo> (0x000000008d5b1d10) thrown at [s\src\hotspot\share\classfile\systemDictionary.cpp, line 230]
Event: 25.446 Thread 0x00000265e10d2000 Exception <a 'java/lang/ClassNotFoundException'{0x000000008d5f9b08}: org/gradle/api/internal/artifacts/dsl/dependencies/DefaultDependencyHandlerCustomizer> (0x000000008d5f9b08) thrown at [s\src\hotspot\share\classfile\systemDictionary.cpp, line 230]
Event: 25.449 Thread 0x00000265e10d2000 Exception <a 'java/lang/ClassNotFoundException'{0x000000008d46b220}: org/gradle/api/internal/artifacts/dsl/dependencies/DefaultDependencyHandler_DecoratedCustomizer> (0x000000008d46b220) thrown at [s\src\hotspot\share\classfile\systemDictionary.cpp, line 230]

Events (20 events):
Event: 25.708 loading class org/gradle/api/internal/tasks/testing/logging/TestCountLogger
Event: 25.708 loading class org/gradle/api/internal/tasks/testing/logging/TestCountLogger done
Event: 25.709 loading class org/gradle/api/tasks/testing/logging/TestLoggingContainer
Event: 25.709 loading class org/gradle/api/tasks/testing/logging/TestLoggingContainer done
Event: 25.710 loading class org/gradle/api/internal/tasks/testing/junit/result/TestOutputStore
Event: 25.710 loading class org/gradle/api/internal/tasks/testing/junit/result/TestOutputStore done
Event: 25.711 loading class org/gradle/api/internal/tasks/testing/filter/DefaultTestFilter
Event: 25.711 loading class org/gradle/api/internal/tasks/testing/filter/DefaultTestFilter done
Event: 25.715 loading class org/gradle/api/tasks/options/Option
Event: 25.715 loading class org/gradle/api/tasks/options/Option done
Event: 25.727 loading class org/gradle/api/internal/tasks/testing/logging/DefaultTestLoggingContainer
Event: 25.727 loading class org/gradle/api/internal/tasks/testing/logging/DefaultTestLoggingContainer done
Event: 25.730 loading class org/gradle/api/tasks/testing/logging/TestLogEvent
Event: 25.730 loading class org/gradle/api/tasks/testing/logging/TestLogEvent done
Event: 25.731 loading class org/gradle/api/tasks/testing/logging/TestStackTraceFilter
Event: 25.731 loading class org/gradle/api/tasks/testing/logging/TestStackTraceFilter done
Event: 25.732 loading class org/gradle/api/tasks/testing/logging/TestExceptionFormat
Event: 25.732 loading class org/gradle/api/tasks/testing/logging/TestExceptionFormat done
Event: 25.736 loading class org/gradle/api/internal/tasks/testing/logging/DefaultTestLogging
Event: 25.736 loading class org/gradle/api/internal/tasks/testing/logging/DefaultTestLogging done


Dynamic libraries:
0x00007ff737ad0000 - 0x00007ff737add000 	C:\Program Files\Microsoft\jdk-11.0.20.8-hotspot\bin\java.exe
0x00007ff910b10000 - 0x00007ff910d08000 	C:\WINDOWS\SYSTEM32\ntdll.dll
0x00007ff910850000 - 0x00007ff91090d000 	C:\WINDOWS\System32\KERNEL32.DLL
0x00007ff90e260000 - 0x00007ff90e556000 	C:\WINDOWS\System32\KERNELBASE.dll
0x00007ff90e860000 - 0x00007ff90e960000 	C:\WINDOWS\System32\ucrtbase.dll
0x00007ff8f6590000 - 0x00007ff8f65a7000 	C:\Program Files\Microsoft\jdk-11.0.20.8-hotspot\bin\jli.dll
0x00007ff8f8b80000 - 0x00007ff8f8b95000 	C:\Program Files\Microsoft\jdk-11.0.20.8-hotspot\bin\VCRUNTIME140.dll
0x00007ff910930000 - 0x00007ff910ace000 	C:\WINDOWS\System32\USER32.dll
0x00007ff8ff6b0000 - 0x00007ff8ff94a000 	C:\WINDOWS\WinSxS\amd64_microsoft.windows.common-controls_6595b64144ccf1df_6.0.19041.3636_none_60b6a03d71f818d5\COMCTL32.dll
0x00007ff910290000 - 0x00007ff91032e000 	C:\WINDOWS\System32\msvcrt.dll
0x00007ff910260000 - 0x00007ff91028c000 	C:\WINDOWS\System32\GDI32.dll
0x00007ff90e650000 - 0x00007ff90e672000 	C:\WINDOWS\System32\win32u.dll
0x00007ff90e740000 - 0x00007ff90e85a000 	C:\WINDOWS\System32\gdi32full.dll
0x00007ff90e560000 - 0x00007ff90e5fd000 	C:\WINDOWS\System32\msvcp_win.dll
0x00007ff90f3f0000 - 0x00007ff90f420000 	C:\WINDOWS\System32\IMM32.DLL
0x00007ff8e0770000 - 0x00007ff8e080b000 	C:\Program Files\Microsoft\jdk-11.0.20.8-hotspot\bin\msvcp140.dll
0x00007ff8c99d0000 - 0x00007ff8ca566000 	C:\Program Files\Microsoft\jdk-11.0.20.8-hotspot\bin\server\jvm.dll
0x00007ff90ffc0000 - 0x00007ff91006f000 	C:\WINDOWS\System32\ADVAPI32.dll
0x00007ff910340000 - 0x00007ff9103dc000 	C:\WINDOWS\System32\sechost.dll
0x00007ff90f420000 - 0x00007ff90f546000 	C:\WINDOWS\System32\RPCRT4.dll
0x00007ff90f190000 - 0x00007ff90f198000 	C:\WINDOWS\System32\PSAPI.DLL
0x00007ff8f9340000 - 0x00007ff8f9349000 	C:\WINDOWS\SYSTEM32\WSOCK32.dll
0x00007ff8ffb00000 - 0x00007ff8ffb27000 	C:\WINDOWS\SYSTEM32\WINMM.dll
0x00007ff905980000 - 0x00007ff90598a000 	C:\WINDOWS\SYSTEM32\VERSION.dll
0x00007ff90fde0000 - 0x00007ff90fe4b000 	C:\WINDOWS\System32\WS2_32.dll
0x00007ff90ca00000 - 0x00007ff90ca12000 	C:\WINDOWS\SYSTEM32\kernel.appcore.dll
0x00007ff907e90000 - 0x00007ff907ea0000 	C:\Program Files\Microsoft\jdk-11.0.20.8-hotspot\bin\verify.dll
0x00007ff90b740000 - 0x00007ff90b924000 	C:\WINDOWS\SYSTEM32\DBGHELP.DLL
0x00007ff8f78b0000 - 0x00007ff8f78e4000 	C:\WINDOWS\SYSTEM32\dbgcore.DLL
0x00007ff90e680000 - 0x00007ff90e702000 	C:\WINDOWS\System32\bcryptPrimitives.dll
0x00007ff8f57c0000 - 0x00007ff8f57e8000 	C:\Program Files\Microsoft\jdk-11.0.20.8-hotspot\bin\java.dll
0x00007ff900c60000 - 0x00007ff900c6a000 	C:\Program Files\Microsoft\jdk-11.0.20.8-hotspot\bin\jimage.dll
0x00007ff8f60b0000 - 0x00007ff8f60c8000 	C:\Program Files\Microsoft\jdk-11.0.20.8-hotspot\bin\zip.dll
0x00007ff90f690000 - 0x00007ff90fdd5000 	C:\WINDOWS\System32\SHELL32.dll
0x00007ff90c250000 - 0x00007ff90c9eb000 	C:\WINDOWS\SYSTEM32\windows.storage.dll
0x00007ff90eb70000 - 0x00007ff90eec4000 	C:\WINDOWS\System32\combase.dll
0x00007ff90db50000 - 0x00007ff90db7d000 	C:\WINDOWS\SYSTEM32\Wldp.dll
0x00007ff90eed0000 - 0x00007ff90ef7d000 	C:\WINDOWS\System32\SHCORE.dll
0x00007ff90f130000 - 0x00007ff90f185000 	C:\WINDOWS\System32\shlwapi.dll
0x00007ff90e120000 - 0x00007ff90e145000 	C:\WINDOWS\SYSTEM32\profapi.dll
0x00007ff8f5b20000 - 0x00007ff8f5b39000 	C:\Program Files\Microsoft\jdk-11.0.20.8-hotspot\bin\net.dll
0x00007ff905da0000 - 0x00007ff905eaa000 	C:\WINDOWS\SYSTEM32\WINHTTP.dll
0x00007ff90d930000 - 0x00007ff90d99a000 	C:\WINDOWS\system32\mswsock.dll
0x00007ff8f5040000 - 0x00007ff8f5053000 	C:\Program Files\Microsoft\jdk-11.0.20.8-hotspot\bin\nio.dll
0x00007ff8f65f0000 - 0x00007ff8f6617000 	C:\Users\JungHun\.gradle\native\68d5fa5c4cc2d200863cafc0d521ce42e7d3e7ee720ec0a83991735586a16f82\windows-amd64\native-platform.dll
0x00007ff8e0810000 - 0x00007ff8e0954000 	C:\Users\JungHun\.gradle\native\e376f236ea51e6404a007f0833ffe2c6e607c4080706a723a18a27aeea778392\windows-amd64\native-platform-file-events.dll
0x00007ff900720000 - 0x00007ff900729000 	C:\Program Files\Microsoft\jdk-11.0.20.8-hotspot\bin\management.dll
0x00007ff900700000 - 0x00007ff90070b000 	C:\Program Files\Microsoft\jdk-11.0.20.8-hotspot\bin\management_ext.dll
0x00007ff90db90000 - 0x00007ff90dba8000 	C:\WINDOWS\SYSTEM32\CRYPTSP.dll
0x00007ff90d210000 - 0x00007ff90d244000 	C:\WINDOWS\system32\rsaenh.dll
0x00007ff90e710000 - 0x00007ff90e737000 	C:\WINDOWS\System32\bcrypt.dll
0x00007ff90e0e0000 - 0x00007ff90e10e000 	C:\WINDOWS\SYSTEM32\USERENV.dll
0x00007ff90dac0000 - 0x00007ff90dacc000 	C:\WINDOWS\SYSTEM32\CRYPTBASE.dll
0x00007ff90d5f0000 - 0x00007ff90d62b000 	C:\WINDOWS\SYSTEM32\IPHLPAPI.DLL
0x00007ff910330000 - 0x00007ff910338000 	C:\WINDOWS\System32\NSI.dll
0x00007ff906210000 - 0x00007ff906227000 	C:\WINDOWS\SYSTEM32\dhcpcsvc6.DLL
0x00007ff906570000 - 0x00007ff90658d000 	C:\WINDOWS\SYSTEM32\dhcpcsvc.DLL
0x00007ff90d630000 - 0x00007ff90d6fa000 	C:\WINDOWS\SYSTEM32\DNSAPI.dll
0x00007ff900640000 - 0x00007ff90064e000 	C:\Program Files\Microsoft\jdk-11.0.20.8-hotspot\bin\sunmscapi.dll
0x00007ff90e960000 - 0x00007ff90eabd000 	C:\WINDOWS\System32\CRYPT32.dll
0x00007ff90dca0000 - 0x00007ff90dcc7000 	C:\WINDOWS\SYSTEM32\ncrypt.dll
0x00007ff90dc60000 - 0x00007ff90dc9b000 	C:\WINDOWS\SYSTEM32\NTASN1.dll
0x00007ff8e9560000 - 0x00007ff8e9585000 	C:\Program Files\Microsoft\jdk-11.0.20.8-hotspot\bin\sunec.dll
0x00007ff905720000 - 0x00007ff90572a000 	C:\Windows\System32\rasadhlp.dll
0x00007ff9033c0000 - 0x00007ff903440000 	C:\WINDOWS\System32\fwpuclnt.dll

dbghelp: loaded successfully - version: 4.0.5 - missing functions: none
symbol engine: initialized successfully - sym options: 0x614 - pdb path: .;C:\Program Files\Microsoft\jdk-11.0.20.8-hotspot\bin;C:\WINDOWS\SYSTEM32;C:\WINDOWS\WinSxS\amd64_microsoft.windows.common-controls_6595b64144ccf1df_6.0.19041.3636_none_60b6a03d71f818d5;C:\Program Files\Microsoft\jdk-11.0.20.8-hotspot\bin\server;C:\Users\JungHun\.gradle\native\68d5fa5c4cc2d200863cafc0d521ce42e7d3e7ee720ec0a83991735586a16f82\windows-amd64;C:\Users\JungHun\.gradle\native\e376f236ea51e6404a007f0833ffe2c6e607c4080706a723a18a27aeea778392\windows-amd64

VM Arguments:
jvm_args: -XX:MaxMetaspaceSize=512m --add-opens=java.base/java.util=ALL-UNNAMED --add-opens=java.base/java.lang=ALL-UNNAMED --add-opens=java.base/java.lang.invoke=ALL-UNNAMED --add-opens=java.prefs/java.util.prefs=ALL-UNNAMED --add-opens=java.base/java.nio.charset=ALL-UNNAMED --add-opens=java.base/java.net=ALL-UNNAMED --add-opens=java.base/java.util.concurrent.atomic=ALL-UNNAMED -Xmx2048m -Dfile.encoding=x-windows-949 -Duser.country=KR -Duser.language=ko -Duser.variant 
java_command: org.gradle.launcher.daemon.bootstrap.GradleDaemon 8.0.1
java_class_path (initial): C:\Users\JungHun\.gradle\wrapper\dists\gradle-8.0.1-all\aro4hu1c3oeioove7l0i4i14o\gradle-8.0.1\lib\gradle-launcher-8.0.1.jar
Launcher Type: SUN_STANDARD

[Global flags]
     intx CICompilerCount                          = 4                                         {product} {ergonomic}
   size_t CompressedClassSpaceSize                 = 528482304                                 {product} {ergonomic}
     uint ConcGCThreads                            = 2                                         {product} {ergonomic}
     uint G1ConcRefinementThreads                  = 8                                         {product} {ergonomic}
   size_t G1HeapRegionSize                         = 1048576                                   {product} {ergonomic}
    uintx GCDrainStackTargetSize                   = 64                                        {product} {ergonomic}
   size_t InitialHeapSize                          = 268435456                                 {product} {ergonomic}
   size_t MarkStackSize                            = 4194304                                   {product} {ergonomic}
   size_t MaxHeapSize                              = 2147483648                                {product} {command line}
   size_t MaxMetaspaceSize                         = 536870912                                 {product} {command line}
   size_t MaxNewSize                               = 1287651328                                {product} {ergonomic}
   size_t MinHeapDeltaBytes                        = 1048576                                   {product} {ergonomic}
    uintx NonNMethodCodeHeapSize                   = 5836300                                {pd product} {ergonomic}
    uintx NonProfiledCodeHeapSize                  = 122910970                              {pd product} {ergonomic}
    uintx ProfiledCodeHeapSize                     = 122910970                              {pd product} {ergonomic}
    uintx ReservedCodeCacheSize                    = 251658240                              {pd product} {ergonomic}
     bool SegmentedCodeCache                       = true                                      {product} {ergonomic}
     bool UseCompressedClassPointers               = true                                 {lp64_product} {ergonomic}
     bool UseCompressedOops                        = true                                 {lp64_product} {ergonomic}
     bool UseG1GC                                  = true                                      {product} {ergonomic}
     bool UseLargePagesIndividualAllocation        = false                                  {pd product} {ergonomic}

Logging:
Log output configuration:
 #0: stdout all=warning uptime,level,tags
 #1: stderr all=off uptime,level,tags

Environment Variables:
JAVA_HOME=C:\Program Files\Microsoft\jdk-11.0.20.8-hotspot\
CLASSPATH=D:\Madcamp\Madcamp2\android\\gradle\wrapper\gradle-wrapper.jar
PATH=D:\Madcamp\Madcamp2\node_modules\.bin;D:\Madcamp\Madcamp2\node_modules\.bin;D:\Madcamp\node_modules\.bin;D:\node_modules\.bin;C:\Program Files\nodejs\node_modules\npm\node_modules\@npmcli\run-script\lib\node-gyp-bin;C:\Program Files\MySQL\MySQL Server 8.0\bin;C:\Python312\;C:\Program Files\Microsoft\jdk-11.0.20.8-hotspot\bin;C:\WINDOWS\system32;C:\WINDOWS;C:\WINDOWS\System32\Wbem;C:\WINDOWS\System32\WindowsPowerShell\v1.0\;C:\WINDOWS\System32\OpenSSH\;C:\Users\JungHun\AppData\Roaming\nvm;C:\Program Files\nodejs;C:\ProgramData\chocolatey\bin;C:\Program Files\nodejs\;C:\Program Files\Bandizip\;C:\Program Files (x86)\Pulse Secure\VC142.CRT\X64\;C:\Program Files (x86)\Pulse Secure\VC142.CRT\X86\;C:\Program Files (x86)\Common Files\Pulse Secure\TNC Client Plugin\;C:\Program Files\Git\cmd;C:\Users\JungHun\AppData\Local\Microsoft\WindowsApps;C:\Users\JungHun\AppData\Local\Programs\Microsoft VS Code\bin;C:\Users\JungHun\AppData\Roaming\nvm;C:\Program Files\nodejs;C:\Users\JungHun\AppData\Roaming\npm;C:\Users\JungHun\AppData\Local\Android\Sdk\platform-tools;
USERNAME=JungHun
LANG=en_US.UTF-8
OS=Windows_NT
PROCESSOR_IDENTIFIER=Intel64 Family 6 Model 142 Stepping 10, GenuineIntel
TMP=C:\Users\JungHun\AppData\Local\Temp
TEMP=C:\Users\JungHun\AppData\Local\Temp



---------------  S Y S T E M  ---------------

OS: Windows 10 , 64 bit Build 19041 (10.0.19041.3636)
OS uptime: 9 days 4:24 hours
Hyper-V role detected

CPU:total 8 (initial active 8) (4 cores per cpu, 2 threads per core) family 6 model 142 stepping 10 microcode 0xb4, cmov, cx8, fxsr, mmx, sse, sse2, sse3, ssse3, sse4.1, sse4.2, popcnt, avx, avx2, aes, clmul, erms, 3dnowpref, lzcnt, ht, tsc, tscinvbit, bmi1, bmi2, adx, fma

Memory: 4k page, system-wide physical 16270M (1178M free)
TotalPageFile size 46511M (AvailPageFile size 2M)
current process WorkingSet (physical memory assigned to process): 430M, peak: 431M
current process commit charge ("private bytes"): 519M, peak: 520M

vm_info: OpenJDK 64-Bit Server VM (11.0.20+8-LTS) for windows-amd64 JRE (11.0.20+8-LTS), built on Jul  7 2023 17:05:21 by "MicrosoftCorporation" with MS VC++ 15.9 (VS2017)

END.
